<?xml version="1.0" encoding="utf-8"?><testsuites name="pytest tests"><testsuite name="pytest" errors="5" failures="7" skipped="14" tests="26" time="9.430" timestamp="2026-07-17T12:26:44.050618+00:00" hostname="3d52daaa8a86"><testcase classname="tests.compatibility.test_api_surface_probe" name="test_all_majors_surface_has_zero_critical_failures" time="4.056"><failure message="socket.gaierror: [Errno -5] No address associated with hostname">E   socket.gaierror: [Errno -5] No address associated with hostname</failure></testcase><testcase classname="tests.compatibility.test_group_smoke" name="test_access_group_realm_and_user_persist" time="0.938"><error message="failed on setup with &quot;socket.gaierror: [Errno -2] Name or service not known&quot;">E   socket.gaierror: [Errno -2] Name or service not known</error></testcase><testcase classname="tests.compatibility.test_group_smoke" name="test_qemu_group_create_config_and_power" time="0.010"><error message="failed on setup with &quot;socket.gaierror: [Errno -2] Name or service not known&quot;">E   socket.gaierror: [Errno -2] Name or service not known</error></testcase><testcase classname="tests.compatibility.test_group_smoke" name="test_lxc_group_create_and_status" time="0.006"><error message="failed on setup with &quot;socket.gaierror: [Errno -2] Name or service not known&quot;">E   socket.gaierror: [Errno -2] Name or service not known</error></testcase><testcase classname="tests.compatibility.test_group_smoke" name="test_storage_and_cluster_groups_mutate" time="0.011"><error message="failed on setup with &quot;socket.gaierror: [Errno -2] Name or service not known&quot;">E   socket.gaierror: [Errno -2] Name or service not known</error></testcase><testcase classname="tests.compatibility.test_group_smoke" name="test_sdn_and_node_ops_groups_persist" time="0.006"><error message="failed on setup with &quot;socket.gaierror: [Errno -2] Name or service not known&quot;">E   socket.gaierror: [Errno -2] Name or service not known</error></testcase><testcase classname="tests.integration.test_migrations" name="test_migration_is_repeatable_and_constraints_hold" time="0.012"><failure message="socket.gaierror: [Errno -2] Name or service not known">E   socket.gaierror: [Errno -2] Name or service not known</failure></testcase><testcase classname="tests.integration.test_migrations" name="test_small_seed_is_idempotent" time="0.008"><failure message="socket.gaierror: [Errno -2] Name or service not known">E   socket.gaierror: [Errno -2] Name or service not known</failure></testcase><testcase classname="tests.integration.test_migrations" name="test_demo_cluster_seed_populates_realistic_state" time="0.008"><failure message="socket.gaierror: [Errno -2] Name or service not known">E   socket.gaierror: [Errno -2] Name or service not known</failure></testcase><testcase classname="tests.integration.test_migrations" name="test_schema_readiness_and_optimistic_resource_repository" time="0.017"><failure message="socket.gaierror: [Errno -2] Name or service not known">E   socket.gaierror: [Errno -2] Name or service not known</failure></testcase><testcase classname="tests.integration.test_tasks" name="test_two_worker_exclusion_idempotency_and_logs" time="0.010"><failure message="socket.gaierror: [Errno -2] Name or service not known">E   socket.gaierror: [Errno -2] Name or service not known</failure></testcase><testcase classname="tests.integration.test_tasks" name="test_expired_lease_is_reclaimed_after_restart" time="0.009"><failure message="socket.gaierror: [Errno -2] Name or service not known">E   socket.gaierror: [Errno -2] Name or service not known</failure></testcase><testcase classname="tests.openstack.conformance.test_live_surface" name="test_all_get_collections_live[yoga]" time="0.004"><skipped type="pytest.skip" message="OpenStack gateway unreachable">/workspace/tests/openstack/conformance/test_live_surface.py:44: OpenStack gateway unreachable</skipped></testcase><testcase classname="tests.openstack.conformance.test_live_surface" name="test_all_get_collections_live[antelope]" time="0.000"><skipped type="pytest.skip" message="OpenStack gateway unreachable">/workspace/tests/openstack/conformance/test_live_surface.py:44: OpenStack gateway unreachable</skipped></testcase><testcase classname="tests.openstack.conformance.test_live_surface" name="test_all_get_collections_live[caracal]" time="0.000"><skipped type="pytest.skip" message="OpenStack gateway unreachable">/workspace/tests/openstack/conformance/test_live_surface.py:44: OpenStack gateway unreachable</skipped></testcase><testcase classname="tests.openstack.conformance.test_live_surface" name="test_all_get_collections_live[dalmatian]" time="0.000"><skipped type="pytest.skip" message="OpenStack gateway unreachable">/workspace/tests/openstack/conformance/test_live_surface.py:44: OpenStack gateway unreachable</skipped></testcase><testcase classname="tests.openstack.conformance.test_live_surface" name="test_all_operations_live[yoga]" time="0.001"><skipped type="pytest.skip" message="OpenStack gateway unreachable">/workspace/tests/openstack/conformance/test_live_surface.py:52: OpenStack gateway unreachable</skipped></testcase><testcase classname="tests.openstack.conformance.test_live_surface" name="test_all_operations_live[antelope]" time="0.001"><skipped type="pytest.skip" message="OpenStack gateway unreachable">/workspace/tests/openstack/conformance/test_live_surface.py:52: OpenStack gateway unreachable</skipped></testcase><testcase classname="tests.openstack.conformance.test_live_surface" name="test_all_operations_live[caracal]" time="0.001"><skipped type="pytest.skip" message="OpenStack gateway unreachable">/workspace/tests/openstack/conformance/test_live_surface.py:52: OpenStack gateway unreachable</skipped></testcase><testcase classname="tests.openstack.conformance.test_live_surface" name="test_all_operations_live[dalmatian]" time="0.001"><skipped type="pytest.skip" message="OpenStack gateway unreachable">/workspace/tests/openstack/conformance/test_live_surface.py:52: OpenStack gateway unreachable</skipped></testcase><testcase classname="tests.openstack.conformance.test_real_db_lifecycle" name="test_demo_collections_have_real_density" time="0.001"><skipped type="pytest.skip" message="OpenStack gateway unreachable">/workspace/tests/openstack/conformance/test_real_db_lifecycle.py:142: OpenStack gateway unreachable</skipped></testcase><testcase classname="tests.openstack.conformance.test_real_db_lifecycle" name="test_network_crud_persists_in_db" time="0.000"><skipped type="pytest.skip" message="OpenStack gateway unreachable">/workspace/tests/openstack/conformance/test_real_db_lifecycle.py:179: OpenStack gateway unreachable</skipped></testcase><testcase classname="tests.openstack.conformance.test_real_db_lifecycle" name="test_server_metadata_persists_roundtrip" time="0.000"><skipped type="pytest.skip" message="OpenStack gateway unreachable">/workspace/tests/openstack/conformance/test_real_db_lifecycle.py:218: OpenStack gateway unreachable</skipped></testcase><testcase classname="tests.openstack.conformance.test_real_db_lifecycle" name="test_schema_secret_crud_persists" time="0.001"><skipped type="pytest.skip" message="OpenStack gateway unreachable">/workspace/tests/openstack/conformance/test_real_db_lifecycle.py:254: OpenStack gateway unreachable</skipped></testcase><testcase classname="tests.openstack.conformance.test_real_db_lifecycle" name="test_nested_demo_resources_populated" time="0.001"><skipped type="pytest.skip" message="OpenStack gateway unreachable">/workspace/tests/openstack/conformance/test_real_db_lifecycle.py:295: OpenStack gateway unreachable</skipped></testcase><testcase classname="tests.openstack.test_demo_cloud" name="test_demo_seed_roundtrip" time="0.019"><skipped type="pytest.skip" message="postgres unavailable: [Errno -2] Name or service not known">/workspace/tests/openstack/test_demo_cloud.py:44: postgres unavailable: [Errno -2] Name or service not known</skipped></testcase></testsuite></testsuites>