<?xml version='1.0' encoding='utf-8'?>
<testsuite name="pulumi-openstack-coverage" tests="4725" failures="0"><testcase classname="pulumi" name="yoga.pulumi_openstack.stack" /><testcase classname="pulumi" name="yoga.http.adjutant.task_list" /><testcase classname="pulumi" name="yoga.http.adjutant.token_list" /><testcase classname="pulumi" name="yoga.http.adjutant.notification_list" /><testcase classname="pulumi" name="yoga.http.adjutant.status_list" /><testcase classname="pulumi" name="yoga.http.adjutant.task_create" /><testcase classname="pulumi" name="yoga.http.adjutant.token_create" /><testcase classname="pulumi" name="yoga.http.adjutant.notification_create" /><testcase classname="pulumi" name="yoga.http.adjutant.status_create" /><testcase classname="pulumi" name="yoga.http.adjutant.task_show" /><testcase classname="pulumi" name="yoga.http.adjutant.token_show" /><testcase classname="pulumi" name="yoga.http.adjutant.notification_show" /><testcase classname="pulumi" name="yoga.http.adjutant.status_show" /><testcase classname="pulumi" name="yoga.http.adjutant.task_update" /><testcase classname="pulumi" name="yoga.http.adjutant.token_update" /><testcase classname="pulumi" name="yoga.http.adjutant.notification_update" /><testcase classname="pulumi" name="yoga.http.adjutant.status_update" /><testcase classname="pulumi" name="yoga.http.adjutant.task_patch" /><testcase classname="pulumi" name="yoga.http.adjutant.token_patch" /><testcase classname="pulumi" name="yoga.http.adjutant.notification_patch" /><testcase classname="pulumi" name="yoga.http.adjutant.status_patch" /><testcase classname="pulumi" name="yoga.http.adjutant.task_delete" /><testcase classname="pulumi" name="yoga.http.adjutant.token_delete" /><testcase classname="pulumi" name="yoga.http.adjutant.notification_delete" /><testcase classname="pulumi" name="yoga.http.adjutant.status_delete" /><testcase classname="pulumi" name="yoga.http.aodh.aodh_versions" /><testcase classname="pulumi" name="yoga.http.aodh.alarm_list" /><testcase classname="pulumi" name="yoga.http.aodh.quota_list" /><testcase classname="pulumi" name="yoga.http.aodh.alarm_create" /><testcase classname="pulumi" name="yoga.http.aodh.alarm_history_create" /><testcase classname="pulumi" name="yoga.http.aodh.quota_create" /><testcase classname="pulumi" name="yoga.http.aodh.alarm_show" /><testcase classname="pulumi" name="yoga.http.aodh.alarm_history_list" /><testcase classname="pulumi" name="yoga.http.aodh.alarm_history_show" /><testcase classname="pulumi" name="yoga.http.aodh.quota_show" /><testcase classname="pulumi" name="yoga.http.aodh.alarm_update" /><testcase classname="pulumi" name="yoga.http.aodh.alarm_history_update" /><testcase classname="pulumi" name="yoga.http.aodh.quota_update" /><testcase classname="pulumi" name="yoga.http.aodh.alarm_patch" /><testcase classname="pulumi" name="yoga.http.aodh.alarm_history_patch" /><testcase classname="pulumi" name="yoga.http.aodh.quota_patch" /><testcase classname="pulumi" name="yoga.http.aodh.alarm_delete" /><testcase classname="pulumi" name="yoga.http.aodh.alarm_history_delete" /><testcase classname="pulumi" name="yoga.http.aodh.quota_delete" /><testcase classname="pulumi" name="yoga.http.barbican.barbican_versions" /><testcase classname="pulumi" name="yoga.http.barbican.secret_list" /><testcase classname="pulumi" name="yoga.http.barbican.container_list" /><testcase classname="pulumi" name="yoga.http.barbican.order_list" /><testcase classname="pulumi" name="yoga.http.barbican.secret_store_list" /><testcase classname="pulumi" name="yoga.http.barbican.secret_create" /><testcase classname="pulumi" name="yoga.http.barbican.container_create" /><testcase classname="pulumi" name="yoga.http.barbican.order_create" /><testcase classname="pulumi" name="yoga.http.barbican.secret_store_create" /><testcase classname="pulumi" name="yoga.http.barbican.secret_show" /><testcase classname="pulumi" name="yoga.http.barbican.container_show" /><testcase classname="pulumi" name="yoga.http.barbican.order_show" /><testcase classname="pulumi" name="yoga.http.barbican.secret_store_show" /><testcase classname="pulumi" name="yoga.http.barbican.secret_update" /><testcase classname="pulumi" name="yoga.http.barbican.container_update" /><testcase classname="pulumi" name="yoga.http.barbican.order_update" /><testcase classname="pulumi" name="yoga.http.barbican.secret_store_update" /><testcase classname="pulumi" name="yoga.http.barbican.secret_patch" /><testcase classname="pulumi" name="yoga.http.barbican.container_patch" /><testcase classname="pulumi" name="yoga.http.barbican.order_patch" /><testcase classname="pulumi" name="yoga.http.barbican.secret_store_patch" /><testcase classname="pulumi" name="yoga.http.barbican.secret_delete" /><testcase classname="pulumi" name="yoga.http.barbican.container_delete" /><testcase classname="pulumi" name="yoga.http.barbican.order_delete" /><testcase classname="pulumi" name="yoga.http.barbican.secret_store_delete" /><testcase classname="pulumi" name="yoga.http.blazar.blazar_versions" /><testcase classname="pulumi" name="yoga.http.blazar.lease_list" /><testcase classname="pulumi" name="yoga.http.blazar.host_list" /><testcase classname="pulumi" name="yoga.http.blazar.floatingip_list" /><testcase classname="pulumi" name="yoga.http.blazar.lease_create" /><testcase classname="pulumi" name="yoga.http.blazar.host_create" /><testcase classname="pulumi" name="yoga.http.blazar.floatingip_create" /><testcase classname="pulumi" name="yoga.http.blazar.lease_show" /><testcase classname="pulumi" name="yoga.http.blazar.host_show" /><testcase classname="pulumi" name="yoga.http.blazar.floatingip_show" /><testcase classname="pulumi" name="yoga.http.blazar.lease_update" /><testcase classname="pulumi" name="yoga.http.blazar.host_update" /><testcase classname="pulumi" name="yoga.http.blazar.floatingip_update" /><testcase classname="pulumi" name="yoga.http.blazar.lease_patch" /><testcase classname="pulumi" name="yoga.http.blazar.host_patch" /><testcase classname="pulumi" name="yoga.http.blazar.floatingip_patch" /><testcase classname="pulumi" name="yoga.http.blazar.lease_delete" /><testcase classname="pulumi" name="yoga.http.blazar.host_delete" /><testcase classname="pulumi" name="yoga.http.blazar.floatingip_delete" /><testcase classname="pulumi" name="yoga.http.cinder.cinder_versions" /><testcase classname="pulumi" name="yoga.http.cinder.volume_list" /><testcase classname="pulumi" name="yoga.http.cinder.volume_list_detail" /><testcase classname="pulumi" name="yoga.http.cinder.snapshot_list" /><testcase classname="pulumi" name="yoga.http.cinder.snapshot_list_detail" /><testcase classname="pulumi" name="yoga.http.cinder.backup_list" /><testcase classname="pulumi" name="yoga.http.cinder.backup_list_detail" /><testcase classname="pulumi" name="yoga.http.cinder.volume_type_list" /><testcase classname="pulumi" name="yoga.http.cinder.volume_type_list_detail" /><testcase classname="pulumi" name="yoga.http.cinder.qos_spec_list" /><testcase classname="pulumi" name="yoga.http.cinder.qos_spec_list_detail" /><testcase classname="pulumi" name="yoga.http.cinder.group_list" /><testcase classname="pulumi" name="yoga.http.cinder.group_list_detail" /><testcase classname="pulumi" name="yoga.http.cinder.group_snapshot_list" /><testcase classname="pulumi" name="yoga.http.cinder.group_snapshot_list_detail" /><testcase classname="pulumi" name="yoga.http.cinder.consistencygroup_list" /><testcase classname="pulumi" name="yoga.http.cinder.consistencygroup_list_detail" /><testcase classname="pulumi" name="yoga.http.cinder.attachment_list" /><testcase classname="pulumi" name="yoga.http.cinder.attachment_list_detail" /><testcase classname="pulumi" name="yoga.http.cinder.transfer_list" /><testcase classname="pulumi" name="yoga.http.cinder.transfer_list_detail" /><testcase classname="pulumi" name="yoga.http.cinder.message_list" /><testcase classname="pulumi" name="yoga.http.cinder.message_list_detail" /><testcase classname="pulumi" name="yoga.http.cinder.cluster_list" /><testcase classname="pulumi" name="yoga.http.cinder.cluster_list_detail" /><testcase classname="pulumi" name="yoga.http.cinder.cinder_services" /><testcase classname="pulumi" name="yoga.http.cinder.cinder_limits" /><testcase classname="pulumi" name="yoga.http.cinder.cinder_resource_filters" /><testcase classname="pulumi" name="yoga.http.cinder.cinder_pools" /><testcase classname="pulumi" name="yoga.http.cinder.volume_create" /><testcase classname="pulumi" name="yoga.http.cinder.snapshot_create" /><testcase classname="pulumi" name="yoga.http.cinder.backup_create" /><testcase classname="pulumi" name="yoga.http.cinder.volume_type_create" /><testcase classname="pulumi" name="yoga.http.cinder.qos_spec_create" /><testcase classname="pulumi" name="yoga.http.cinder.group_create" /><testcase classname="pulumi" name="yoga.http.cinder.group_snapshot_create" /><testcase classname="pulumi" name="yoga.http.cinder.consistencygroup_create" /><testcase classname="pulumi" name="yoga.http.cinder.attachment_create" /><testcase classname="pulumi" name="yoga.http.cinder.transfer_create" /><testcase classname="pulumi" name="yoga.http.cinder.message_create" /><testcase classname="pulumi" name="yoga.http.cinder.cluster_create" /><testcase classname="pulumi" name="yoga.http.cinder.volume_tenant_create" /><testcase classname="pulumi" name="yoga.http.cinder.volume_show" /><testcase classname="pulumi" name="yoga.http.cinder.snapshot_show" /><testcase classname="pulumi" name="yoga.http.cinder.backup_show" /><testcase classname="pulumi" name="yoga.http.cinder.volume_type_show" /><testcase classname="pulumi" name="yoga.http.cinder.qos_spec_show" /><testcase classname="pulumi" name="yoga.http.cinder.group_show" /><testcase classname="pulumi" name="yoga.http.cinder.group_snapshot_show" /><testcase classname="pulumi" name="yoga.http.cinder.consistencygroup_show" /><testcase classname="pulumi" name="yoga.http.cinder.attachment_show" /><testcase classname="pulumi" name="yoga.http.cinder.transfer_show" /><testcase classname="pulumi" name="yoga.http.cinder.message_show" /><testcase classname="pulumi" name="yoga.http.cinder.cluster_show" /><testcase classname="pulumi" name="yoga.http.cinder.volume_tenant_list" /><testcase classname="pulumi" name="yoga.http.cinder.volume_tenant_show" /><testcase classname="pulumi" name="yoga.http.cinder.volume_tenant_list_detail" /><testcase classname="pulumi" name="yoga.http.cinder.cinder_quota_show" /><testcase classname="pulumi" name="yoga.http.cinder.volume_action" /><testcase classname="pulumi" name="yoga.http.cinder.volume_update" /><testcase classname="pulumi" name="yoga.http.cinder.snapshot_update" /><testcase classname="pulumi" name="yoga.http.cinder.backup_update" /><testcase classname="pulumi" name="yoga.http.cinder.volume_type_update" /><testcase classname="pulumi" name="yoga.http.cinder.qos_spec_update" /><testcase classname="pulumi" name="yoga.http.cinder.group_update" /><testcase classname="pulumi" name="yoga.http.cinder.group_snapshot_update" /><testcase classname="pulumi" name="yoga.http.cinder.consistencygroup_update" /><testcase classname="pulumi" name="yoga.http.cinder.attachment_update" /><testcase classname="pulumi" name="yoga.http.cinder.transfer_update" /><testcase classname="pulumi" name="yoga.http.cinder.message_update" /><testcase classname="pulumi" name="yoga.http.cinder.cluster_update" /><testcase classname="pulumi" name="yoga.http.cinder.volume_tenant_update" /><testcase classname="pulumi" name="yoga.http.cinder.volume_patch" /><testcase classname="pulumi" name="yoga.http.cinder.snapshot_patch" /><testcase classname="pulumi" name="yoga.http.cinder.backup_patch" /><testcase classname="pulumi" name="yoga.http.cinder.volume_type_patch" /><testcase classname="pulumi" name="yoga.http.cinder.qos_spec_patch" /><testcase classname="pulumi" name="yoga.http.cinder.group_patch" /><testcase classname="pulumi" name="yoga.http.cinder.group_snapshot_patch" /><testcase classname="pulumi" name="yoga.http.cinder.consistencygroup_patch" /><testcase classname="pulumi" name="yoga.http.cinder.attachment_patch" /><testcase classname="pulumi" name="yoga.http.cinder.transfer_patch" /><testcase classname="pulumi" name="yoga.http.cinder.message_patch" /><testcase classname="pulumi" name="yoga.http.cinder.cluster_patch" /><testcase classname="pulumi" name="yoga.http.cinder.volume_tenant_patch" /><testcase classname="pulumi" name="yoga.http.cinder.volume_delete" /><testcase classname="pulumi" name="yoga.http.cinder.snapshot_delete" /><testcase classname="pulumi" name="yoga.http.cinder.backup_delete" /><testcase classname="pulumi" name="yoga.http.cinder.volume_type_delete" /><testcase classname="pulumi" name="yoga.http.cinder.qos_spec_delete" /><testcase classname="pulumi" name="yoga.http.cinder.group_delete" /><testcase classname="pulumi" name="yoga.http.cinder.group_snapshot_delete" /><testcase classname="pulumi" name="yoga.http.cinder.consistencygroup_delete" /><testcase classname="pulumi" name="yoga.http.cinder.attachment_delete" /><testcase classname="pulumi" name="yoga.http.cinder.transfer_delete" /><testcase classname="pulumi" name="yoga.http.cinder.message_delete" /><testcase classname="pulumi" name="yoga.http.cinder.cluster_delete" /><testcase classname="pulumi" name="yoga.http.cinder.volume_tenant_delete" /><testcase classname="pulumi" name="yoga.http.cloudkitty.cloudkitty_versions" /><testcase classname="pulumi" name="yoga.http.cloudkitty.hashmap_service_list" /><testcase classname="pulumi" name="yoga.http.cloudkitty.hashmap_field_list" /><testcase classname="pulumi" name="yoga.http.cloudkitty.report_summary_list" /><testcase classname="pulumi" name="yoga.http.cloudkitty.dataframes_list" /><testcase classname="pulumi" name="yoga.http.cloudkitty.hashmap_service_create" /><testcase classname="pulumi" name="yoga.http.cloudkitty.hashmap_field_create" /><testcase classname="pulumi" name="yoga.http.cloudkitty.report_summary_create" /><testcase classname="pulumi" name="yoga.http.cloudkitty.dataframes_create" /><testcase classname="pulumi" name="yoga.http.cloudkitty.hashmap_service_show" /><testcase classname="pulumi" name="yoga.http.cloudkitty.hashmap_field_show" /><testcase classname="pulumi" name="yoga.http.cloudkitty.report_summary_show" /><testcase classname="pulumi" name="yoga.http.cloudkitty.dataframes_show" /><testcase classname="pulumi" name="yoga.http.cloudkitty.hashmap_service_update" /><testcase classname="pulumi" name="yoga.http.cloudkitty.hashmap_field_update" /><testcase classname="pulumi" name="yoga.http.cloudkitty.report_summary_update" /><testcase classname="pulumi" name="yoga.http.cloudkitty.dataframes_update" /><testcase classname="pulumi" name="yoga.http.cloudkitty.hashmap_service_patch" /><testcase classname="pulumi" name="yoga.http.cloudkitty.hashmap_field_patch" /><testcase classname="pulumi" name="yoga.http.cloudkitty.report_summary_patch" /><testcase classname="pulumi" name="yoga.http.cloudkitty.dataframes_patch" /><testcase classname="pulumi" name="yoga.http.cloudkitty.hashmap_service_delete" /><testcase classname="pulumi" name="yoga.http.cloudkitty.hashmap_field_delete" /><testcase classname="pulumi" name="yoga.http.cloudkitty.report_summary_delete" /><testcase classname="pulumi" name="yoga.http.cloudkitty.dataframes_delete" /><testcase classname="pulumi" name="yoga.http.designate.designate_versions" /><testcase classname="pulumi" name="yoga.http.designate.zone_list" /><testcase classname="pulumi" name="yoga.http.designate.pool_list" /><testcase classname="pulumi" name="yoga.http.designate.service_status_list" /><testcase classname="pulumi" name="yoga.http.designate.zone_create" /><testcase classname="pulumi" name="yoga.http.designate.pool_create" /><testcase classname="pulumi" name="yoga.http.designate.service_status_create" /><testcase classname="pulumi" name="yoga.http.designate.zone_show" /><testcase classname="pulumi" name="yoga.http.designate.pool_show" /><testcase classname="pulumi" name="yoga.http.designate.service_status_show" /><testcase classname="pulumi" name="yoga.http.designate.zone_update" /><testcase classname="pulumi" name="yoga.http.designate.pool_update" /><testcase classname="pulumi" name="yoga.http.designate.service_status_update" /><testcase classname="pulumi" name="yoga.http.designate.zone_patch" /><testcase classname="pulumi" name="yoga.http.designate.pool_patch" /><testcase classname="pulumi" name="yoga.http.designate.service_status_patch" /><testcase classname="pulumi" name="yoga.http.designate.zone_delete" /><testcase classname="pulumi" name="yoga.http.designate.pool_delete" /><testcase classname="pulumi" name="yoga.http.designate.service_status_delete" /><testcase classname="pulumi" name="yoga.http.freezer.freezer_versions" /><testcase classname="pulumi" name="yoga.http.freezer.job_list" /><testcase classname="pulumi" name="yoga.http.freezer.client_list" /><testcase classname="pulumi" name="yoga.http.freezer.backup_list" /><testcase classname="pulumi" name="yoga.http.freezer.session_list" /><testcase classname="pulumi" name="yoga.http.freezer.action_list" /><testcase classname="pulumi" name="yoga.http.freezer.job_create" /><testcase classname="pulumi" name="yoga.http.freezer.client_create" /><testcase classname="pulumi" name="yoga.http.freezer.backup_create" /><testcase classname="pulumi" name="yoga.http.freezer.session_create" /><testcase classname="pulumi" name="yoga.http.freezer.action_create" /><testcase classname="pulumi" name="yoga.http.freezer.job_show" /><testcase classname="pulumi" name="yoga.http.freezer.client_show" /><testcase classname="pulumi" name="yoga.http.freezer.backup_show" /><testcase classname="pulumi" name="yoga.http.freezer.session_show" /><testcase classname="pulumi" name="yoga.http.freezer.action_show" /><testcase classname="pulumi" name="yoga.http.freezer.job_update" /><testcase classname="pulumi" name="yoga.http.freezer.client_update" /><testcase classname="pulumi" name="yoga.http.freezer.backup_update" /><testcase classname="pulumi" name="yoga.http.freezer.session_update" /><testcase classname="pulumi" name="yoga.http.freezer.action_update" /><testcase classname="pulumi" name="yoga.http.freezer.job_patch" /><testcase classname="pulumi" name="yoga.http.freezer.client_patch" /><testcase classname="pulumi" name="yoga.http.freezer.backup_patch" /><testcase classname="pulumi" name="yoga.http.freezer.session_patch" /><testcase classname="pulumi" name="yoga.http.freezer.action_patch" /><testcase classname="pulumi" name="yoga.http.freezer.job_delete" /><testcase classname="pulumi" name="yoga.http.freezer.client_delete" /><testcase classname="pulumi" name="yoga.http.freezer.backup_delete" /><testcase classname="pulumi" name="yoga.http.freezer.session_delete" /><testcase classname="pulumi" name="yoga.http.freezer.action_delete" /><testcase classname="pulumi" name="yoga.http.glance.glance_versions" /><testcase classname="pulumi" name="yoga.http.glance.image_list" /><testcase classname="pulumi" name="yoga.http.glance.metadef_namespace_list" /><testcase classname="pulumi" name="yoga.http.glance.task_list" /><testcase classname="pulumi" name="yoga.http.glance.glance_schema_image" /><testcase classname="pulumi" name="yoga.http.glance.glance_schema_images" /><testcase classname="pulumi" name="yoga.http.glance.image_create" /><testcase classname="pulumi" name="yoga.http.glance.metadef_namespace_create" /><testcase classname="pulumi" name="yoga.http.glance.task_create" /><testcase classname="pulumi" name="yoga.http.glance.image_deactivate" /><testcase classname="pulumi" name="yoga.http.glance.image_reactivate" /><testcase classname="pulumi" name="yoga.http.glance.image_member_create" /><testcase classname="pulumi" name="yoga.http.glance.image_tag_create" /><testcase classname="pulumi" name="yoga.http.glance.image_show" /><testcase classname="pulumi" name="yoga.http.glance.image_download" /><testcase classname="pulumi" name="yoga.http.glance.metadef_namespace_show" /><testcase classname="pulumi" name="yoga.http.glance.task_show" /><testcase classname="pulumi" name="yoga.http.glance.image_member_list" /><testcase classname="pulumi" name="yoga.http.glance.image_member_show" /><testcase classname="pulumi" name="yoga.http.glance.image_tag_list" /><testcase classname="pulumi" name="yoga.http.glance.image_tag_show" /><testcase classname="pulumi" name="yoga.http.glance.image_update" /><testcase classname="pulumi" name="yoga.http.glance.image_upload" /><testcase classname="pulumi" name="yoga.http.glance.metadef_namespace_update" /><testcase classname="pulumi" name="yoga.http.glance.task_update" /><testcase classname="pulumi" name="yoga.http.glance.image_member_update" /><testcase classname="pulumi" name="yoga.http.glance.image_tag_update" /><testcase classname="pulumi" name="yoga.http.glance.image_patch" /><testcase classname="pulumi" name="yoga.http.glance.metadef_namespace_patch" /><testcase classname="pulumi" name="yoga.http.glance.task_patch" /><testcase classname="pulumi" name="yoga.http.glance.image_member_patch" /><testcase classname="pulumi" name="yoga.http.glance.image_tag_patch" /><testcase classname="pulumi" name="yoga.http.glance.image_delete" /><testcase classname="pulumi" name="yoga.http.glance.metadef_namespace_delete" /><testcase classname="pulumi" name="yoga.http.glance.task_delete" /><testcase classname="pulumi" name="yoga.http.glance.image_member_delete" /><testcase classname="pulumi" name="yoga.http.glance.image_tag_delete" /><testcase classname="pulumi" name="yoga.http.heat.heat_versions" /><testcase classname="pulumi" name="yoga.http.heat.stack_create" /><testcase classname="pulumi" name="yoga.http.heat.stack_resource_create" /><testcase classname="pulumi" name="yoga.http.heat.stack_event_create" /><testcase classname="pulumi" name="yoga.http.heat.software_config_create" /><testcase classname="pulumi" name="yoga.http.heat.software_deployment_create" /><testcase classname="pulumi" name="yoga.http.heat.stack_preview" /><testcase classname="pulumi" name="yoga.http.heat.template_validate" /><testcase classname="pulumi" name="yoga.http.heat.stack_list" /><testcase classname="pulumi" name="yoga.http.heat.stack_show" /><testcase classname="pulumi" name="yoga.http.heat.stack_list_detail" /><testcase classname="pulumi" name="yoga.http.heat.stack_show_by_name" /><testcase classname="pulumi" name="yoga.http.heat.stack_resource_list" /><testcase classname="pulumi" name="yoga.http.heat.stack_resource_show" /><testcase classname="pulumi" name="yoga.http.heat.stack_event_list" /><testcase classname="pulumi" name="yoga.http.heat.stack_event_show" /><testcase classname="pulumi" name="yoga.http.heat.software_config_list" /><testcase classname="pulumi" name="yoga.http.heat.software_config_show" /><testcase classname="pulumi" name="yoga.http.heat.software_deployment_list" /><testcase classname="pulumi" name="yoga.http.heat.software_deployment_show" /><testcase classname="pulumi" name="yoga.http.heat.heat_resource_types" /><testcase classname="pulumi" name="yoga.http.heat.heat_services" /><testcase classname="pulumi" name="yoga.http.heat.stack_update" /><testcase classname="pulumi" name="yoga.http.heat.stack_resource_update" /><testcase classname="pulumi" name="yoga.http.heat.stack_event_update" /><testcase classname="pulumi" name="yoga.http.heat.software_config_update" /><testcase classname="pulumi" name="yoga.http.heat.software_deployment_update" /><testcase classname="pulumi" name="yoga.http.heat.stack_patch" /><testcase classname="pulumi" name="yoga.http.heat.stack_resource_patch" /><testcase classname="pulumi" name="yoga.http.heat.stack_event_patch" /><testcase classname="pulumi" name="yoga.http.heat.software_config_patch" /><testcase classname="pulumi" name="yoga.http.heat.software_deployment_patch" /><testcase classname="pulumi" name="yoga.http.heat.stack_delete" /><testcase classname="pulumi" name="yoga.http.heat.stack_delete_by_name" /><testcase classname="pulumi" name="yoga.http.heat.stack_resource_delete" /><testcase classname="pulumi" name="yoga.http.heat.stack_event_delete" /><testcase classname="pulumi" name="yoga.http.heat.software_config_delete" /><testcase classname="pulumi" name="yoga.http.heat.software_deployment_delete" /><testcase classname="pulumi" name="yoga.http.heat-cfn.stack_list" /><testcase classname="pulumi" name="yoga.http.heat-cfn.heat_cfn_versions" /><testcase classname="pulumi" name="yoga.http.heat-cfn.stack_create" /><testcase classname="pulumi" name="yoga.http.heat-cfn.heat_cfn_query" /><testcase classname="pulumi" name="yoga.http.heat-cfn.stack_show" /><testcase classname="pulumi" name="yoga.http.heat-cfn.stack_update" /><testcase classname="pulumi" name="yoga.http.heat-cfn.stack_patch" /><testcase classname="pulumi" name="yoga.http.heat-cfn.stack_delete" /><testcase classname="pulumi" name="yoga.http.ironic.ironic_versions" /><testcase classname="pulumi" name="yoga.http.ironic.node_list" /><testcase classname="pulumi" name="yoga.http.ironic.port_list" /><testcase classname="pulumi" name="yoga.http.ironic.portgroup_list" /><testcase classname="pulumi" name="yoga.http.ironic.chassis_list" /><testcase classname="pulumi" name="yoga.http.ironic.allocation_list" /><testcase classname="pulumi" name="yoga.http.ironic.deploy_template_list" /><testcase classname="pulumi" name="yoga.http.ironic.volume_connector_list" /><testcase classname="pulumi" name="yoga.http.ironic.volume_target_list" /><testcase classname="pulumi" name="yoga.http.ironic.ironic_drivers" /><testcase classname="pulumi" name="yoga.http.ironic.ironic_conductors" /><testcase classname="pulumi" name="yoga.http.ironic.node_create" /><testcase classname="pulumi" name="yoga.http.ironic.port_create" /><testcase classname="pulumi" name="yoga.http.ironic.portgroup_create" /><testcase classname="pulumi" name="yoga.http.ironic.chassis_create" /><testcase classname="pulumi" name="yoga.http.ironic.allocation_create" /><testcase classname="pulumi" name="yoga.http.ironic.deploy_template_create" /><testcase classname="pulumi" name="yoga.http.ironic.volume_connector_create" /><testcase classname="pulumi" name="yoga.http.ironic.volume_target_create" /><testcase classname="pulumi" name="yoga.http.ironic.node_show" /><testcase classname="pulumi" name="yoga.http.ironic.port_show" /><testcase classname="pulumi" name="yoga.http.ironic.portgroup_show" /><testcase classname="pulumi" name="yoga.http.ironic.chassis_show" /><testcase classname="pulumi" name="yoga.http.ironic.allocation_show" /><testcase classname="pulumi" name="yoga.http.ironic.deploy_template_show" /><testcase classname="pulumi" name="yoga.http.ironic.volume_connector_show" /><testcase classname="pulumi" name="yoga.http.ironic.volume_target_show" /><testcase classname="pulumi" name="yoga.http.ironic.ironic_driver_show" /><testcase classname="pulumi" name="yoga.http.ironic.node_states" /><testcase classname="pulumi" name="yoga.http.ironic.node_vendor_passthru" /><testcase classname="pulumi" name="yoga.http.ironic.node_action" /><testcase classname="pulumi" name="yoga.http.ironic.node_update" /><testcase classname="pulumi" name="yoga.http.ironic.port_update" /><testcase classname="pulumi" name="yoga.http.ironic.portgroup_update" /><testcase classname="pulumi" name="yoga.http.ironic.chassis_update" /><testcase classname="pulumi" name="yoga.http.ironic.allocation_update" /><testcase classname="pulumi" name="yoga.http.ironic.deploy_template_update" /><testcase classname="pulumi" name="yoga.http.ironic.volume_connector_update" /><testcase classname="pulumi" name="yoga.http.ironic.volume_target_update" /><testcase classname="pulumi" name="yoga.http.ironic.node_provision_state" /><testcase classname="pulumi" name="yoga.http.ironic.node_power_state" /><testcase classname="pulumi" name="yoga.http.ironic.node_raid_state" /><testcase classname="pulumi" name="yoga.http.ironic.node_patch" /><testcase classname="pulumi" name="yoga.http.ironic.port_patch" /><testcase classname="pulumi" name="yoga.http.ironic.portgroup_patch" /><testcase classname="pulumi" name="yoga.http.ironic.chassis_patch" /><testcase classname="pulumi" name="yoga.http.ironic.allocation_patch" /><testcase classname="pulumi" name="yoga.http.ironic.deploy_template_patch" /><testcase classname="pulumi" name="yoga.http.ironic.volume_connector_patch" /><testcase classname="pulumi" name="yoga.http.ironic.volume_target_patch" /><testcase classname="pulumi" name="yoga.http.ironic.node_delete" /><testcase classname="pulumi" name="yoga.http.ironic.port_delete" /><testcase classname="pulumi" name="yoga.http.ironic.portgroup_delete" /><testcase classname="pulumi" name="yoga.http.ironic.chassis_delete" /><testcase classname="pulumi" name="yoga.http.ironic.allocation_delete" /><testcase classname="pulumi" name="yoga.http.ironic.deploy_template_delete" /><testcase classname="pulumi" name="yoga.http.ironic.volume_connector_delete" /><testcase classname="pulumi" name="yoga.http.ironic.volume_target_delete" /><testcase classname="pulumi" name="yoga.http.keystone.keystone_v3_root" /><testcase classname="pulumi" name="yoga.http.keystone.keystone_validate_token" /><testcase classname="pulumi" name="yoga.http.keystone.keystone_catalog" /><testcase classname="pulumi" name="yoga.http.keystone.domain_list" /><testcase classname="pulumi" name="yoga.http.keystone.project_list" /><testcase classname="pulumi" name="yoga.http.keystone.user_list" /><testcase classname="pulumi" name="yoga.http.keystone.group_list" /><testcase classname="pulumi" name="yoga.http.keystone.role_list" /><testcase classname="pulumi" name="yoga.http.keystone.region_list" /><testcase classname="pulumi" name="yoga.http.keystone.service_list" /><testcase classname="pulumi" name="yoga.http.keystone.endpoint_list" /><testcase classname="pulumi" name="yoga.http.keystone.credential_list" /><testcase classname="pulumi" name="yoga.http.keystone.policy_list" /><testcase classname="pulumi" name="yoga.http.keystone.keystone_role_assignments" /><testcase classname="pulumi" name="yoga.http.keystone.keystone_limits" /><testcase classname="pulumi" name="yoga.http.keystone.keystone_registered_limits" /><testcase classname="pulumi" name="yoga.http.keystone.keystone_auth_tokens" /><testcase classname="pulumi" name="yoga.http.keystone.domain_create" /><testcase classname="pulumi" name="yoga.http.keystone.project_create" /><testcase classname="pulumi" name="yoga.http.keystone.user_create" /><testcase classname="pulumi" name="yoga.http.keystone.group_create" /><testcase classname="pulumi" name="yoga.http.keystone.role_create" /><testcase classname="pulumi" name="yoga.http.keystone.region_create" /><testcase classname="pulumi" name="yoga.http.keystone.service_create" /><testcase classname="pulumi" name="yoga.http.keystone.endpoint_create" /><testcase classname="pulumi" name="yoga.http.keystone.credential_create" /><testcase classname="pulumi" name="yoga.http.keystone.policy_create" /><testcase classname="pulumi" name="yoga.http.keystone.application_credential_create" /><testcase classname="pulumi" name="yoga.http.keystone.domain_show" /><testcase classname="pulumi" name="yoga.http.keystone.project_show" /><testcase classname="pulumi" name="yoga.http.keystone.user_show" /><testcase classname="pulumi" name="yoga.http.keystone.group_show" /><testcase classname="pulumi" name="yoga.http.keystone.role_show" /><testcase classname="pulumi" name="yoga.http.keystone.region_show" /><testcase classname="pulumi" name="yoga.http.keystone.service_show" /><testcase classname="pulumi" name="yoga.http.keystone.endpoint_show" /><testcase classname="pulumi" name="yoga.http.keystone.credential_show" /><testcase classname="pulumi" name="yoga.http.keystone.policy_show" /><testcase classname="pulumi" name="yoga.http.keystone.application_credential_list" /><testcase classname="pulumi" name="yoga.http.keystone.application_credential_show" /><testcase classname="pulumi" name="yoga.http.keystone.keystone_list_project_user_roles" /><testcase classname="pulumi" name="yoga.http.keystone.keystone_inherit_roles" /><testcase classname="pulumi" name="yoga.http.keystone.domain_update" /><testcase classname="pulumi" name="yoga.http.keystone.project_update" /><testcase classname="pulumi" name="yoga.http.keystone.user_update" /><testcase classname="pulumi" name="yoga.http.keystone.group_update" /><testcase classname="pulumi" name="yoga.http.keystone.role_update" /><testcase classname="pulumi" name="yoga.http.keystone.region_update" /><testcase classname="pulumi" name="yoga.http.keystone.service_update" /><testcase classname="pulumi" name="yoga.http.keystone.endpoint_update" /><testcase classname="pulumi" name="yoga.http.keystone.credential_update" /><testcase classname="pulumi" name="yoga.http.keystone.policy_update" /><testcase classname="pulumi" name="yoga.http.keystone.application_credential_update" /><testcase classname="pulumi" name="yoga.http.keystone.keystone_grant_project_role" /><testcase classname="pulumi" name="yoga.http.keystone.domain_patch" /><testcase classname="pulumi" name="yoga.http.keystone.project_patch" /><testcase classname="pulumi" name="yoga.http.keystone.user_patch" /><testcase classname="pulumi" name="yoga.http.keystone.group_patch" /><testcase classname="pulumi" name="yoga.http.keystone.role_patch" /><testcase classname="pulumi" name="yoga.http.keystone.region_patch" /><testcase classname="pulumi" name="yoga.http.keystone.service_patch" /><testcase classname="pulumi" name="yoga.http.keystone.endpoint_patch" /><testcase classname="pulumi" name="yoga.http.keystone.credential_patch" /><testcase classname="pulumi" name="yoga.http.keystone.policy_patch" /><testcase classname="pulumi" name="yoga.http.keystone.application_credential_patch" /><testcase classname="pulumi" name="yoga.http.keystone.domain_delete" /><testcase classname="pulumi" name="yoga.http.keystone.project_delete" /><testcase classname="pulumi" name="yoga.http.keystone.user_delete" /><testcase classname="pulumi" name="yoga.http.keystone.group_delete" /><testcase classname="pulumi" name="yoga.http.keystone.role_delete" /><testcase classname="pulumi" name="yoga.http.keystone.region_delete" /><testcase classname="pulumi" name="yoga.http.keystone.service_delete" /><testcase classname="pulumi" name="yoga.http.keystone.endpoint_delete" /><testcase classname="pulumi" name="yoga.http.keystone.credential_delete" /><testcase classname="pulumi" name="yoga.http.keystone.policy_delete" /><testcase classname="pulumi" name="yoga.http.keystone.application_credential_delete" /><testcase classname="pulumi" name="yoga.http.keystone.keystone_revoke_project_role" /><testcase classname="pulumi" name="yoga.http.magnum.magnum_versions" /><testcase classname="pulumi" name="yoga.http.magnum.cluster_list" /><testcase classname="pulumi" name="yoga.http.magnum.clustertemplate_list" /><testcase classname="pulumi" name="yoga.http.magnum.certificate_list" /><testcase classname="pulumi" name="yoga.http.magnum.cluster_create" /><testcase classname="pulumi" name="yoga.http.magnum.clustertemplate_create" /><testcase classname="pulumi" name="yoga.http.magnum.certificate_create" /><testcase classname="pulumi" name="yoga.http.magnum.nodegroup_create" /><testcase classname="pulumi" name="yoga.http.magnum.cluster_show" /><testcase classname="pulumi" name="yoga.http.magnum.clustertemplate_show" /><testcase classname="pulumi" name="yoga.http.magnum.certificate_show" /><testcase classname="pulumi" name="yoga.http.magnum.nodegroup_list" /><testcase classname="pulumi" name="yoga.http.magnum.nodegroup_show" /><testcase classname="pulumi" name="yoga.http.magnum.cluster_update" /><testcase classname="pulumi" name="yoga.http.magnum.clustertemplate_update" /><testcase classname="pulumi" name="yoga.http.magnum.certificate_update" /><testcase classname="pulumi" name="yoga.http.magnum.nodegroup_update" /><testcase classname="pulumi" name="yoga.http.magnum.cluster_patch" /><testcase classname="pulumi" name="yoga.http.magnum.clustertemplate_patch" /><testcase classname="pulumi" name="yoga.http.magnum.certificate_patch" /><testcase classname="pulumi" name="yoga.http.magnum.nodegroup_patch" /><testcase classname="pulumi" name="yoga.http.magnum.cluster_delete" /><testcase classname="pulumi" name="yoga.http.magnum.clustertemplate_delete" /><testcase classname="pulumi" name="yoga.http.magnum.certificate_delete" /><testcase classname="pulumi" name="yoga.http.magnum.nodegroup_delete" /><testcase classname="pulumi" name="yoga.http.manila.manila_versions" /><testcase classname="pulumi" name="yoga.http.manila.share_list" /><testcase classname="pulumi" name="yoga.http.manila.share_snapshot_list" /><testcase classname="pulumi" name="yoga.http.manila.share_network_list" /><testcase classname="pulumi" name="yoga.http.manila.share_type_list" /><testcase classname="pulumi" name="yoga.http.manila.share_server_list" /><testcase classname="pulumi" name="yoga.http.manila.security_service_list" /><testcase classname="pulumi" name="yoga.http.manila.share_create" /><testcase classname="pulumi" name="yoga.http.manila.share_snapshot_create" /><testcase classname="pulumi" name="yoga.http.manila.share_network_create" /><testcase classname="pulumi" name="yoga.http.manila.share_type_create" /><testcase classname="pulumi" name="yoga.http.manila.share_server_create" /><testcase classname="pulumi" name="yoga.http.manila.security_service_create" /><testcase classname="pulumi" name="yoga.http.manila.share_show" /><testcase classname="pulumi" name="yoga.http.manila.share_snapshot_show" /><testcase classname="pulumi" name="yoga.http.manila.share_network_show" /><testcase classname="pulumi" name="yoga.http.manila.share_type_show" /><testcase classname="pulumi" name="yoga.http.manila.share_server_show" /><testcase classname="pulumi" name="yoga.http.manila.security_service_show" /><testcase classname="pulumi" name="yoga.http.manila.share_update" /><testcase classname="pulumi" name="yoga.http.manila.share_snapshot_update" /><testcase classname="pulumi" name="yoga.http.manila.share_network_update" /><testcase classname="pulumi" name="yoga.http.manila.share_type_update" /><testcase classname="pulumi" name="yoga.http.manila.share_server_update" /><testcase classname="pulumi" name="yoga.http.manila.security_service_update" /><testcase classname="pulumi" name="yoga.http.manila.share_patch" /><testcase classname="pulumi" name="yoga.http.manila.share_snapshot_patch" /><testcase classname="pulumi" name="yoga.http.manila.share_network_patch" /><testcase classname="pulumi" name="yoga.http.manila.share_type_patch" /><testcase classname="pulumi" name="yoga.http.manila.share_server_patch" /><testcase classname="pulumi" name="yoga.http.manila.security_service_patch" /><testcase classname="pulumi" name="yoga.http.manila.share_delete" /><testcase classname="pulumi" name="yoga.http.manila.share_snapshot_delete" /><testcase classname="pulumi" name="yoga.http.manila.share_network_delete" /><testcase classname="pulumi" name="yoga.http.manila.share_type_delete" /><testcase classname="pulumi" name="yoga.http.manila.share_server_delete" /><testcase classname="pulumi" name="yoga.http.manila.security_service_delete" /><testcase classname="pulumi" name="yoga.http.masakari.masakari_versions" /><testcase classname="pulumi" name="yoga.http.masakari.segment_list" /><testcase classname="pulumi" name="yoga.http.masakari.notification_list" /><testcase classname="pulumi" name="yoga.http.masakari.segment_create" /><testcase classname="pulumi" name="yoga.http.masakari.host_create" /><testcase classname="pulumi" name="yoga.http.masakari.notification_create" /><testcase classname="pulumi" name="yoga.http.masakari.segment_show" /><testcase classname="pulumi" name="yoga.http.masakari.host_list" /><testcase classname="pulumi" name="yoga.http.masakari.host_show" /><testcase classname="pulumi" name="yoga.http.masakari.notification_show" /><testcase classname="pulumi" name="yoga.http.masakari.segment_update" /><testcase classname="pulumi" name="yoga.http.masakari.host_update" /><testcase classname="pulumi" name="yoga.http.masakari.notification_update" /><testcase classname="pulumi" name="yoga.http.masakari.segment_patch" /><testcase classname="pulumi" name="yoga.http.masakari.host_patch" /><testcase classname="pulumi" name="yoga.http.masakari.notification_patch" /><testcase classname="pulumi" name="yoga.http.masakari.segment_delete" /><testcase classname="pulumi" name="yoga.http.masakari.host_delete" /><testcase classname="pulumi" name="yoga.http.masakari.notification_delete" /><testcase classname="pulumi" name="yoga.http.mistral.mistral_versions" /><testcase classname="pulumi" name="yoga.http.mistral.workflow_list" /><testcase classname="pulumi" name="yoga.http.mistral.execution_list" /><testcase classname="pulumi" name="yoga.http.mistral.action_list" /><testcase classname="pulumi" name="yoga.http.mistral.workbook_list" /><testcase classname="pulumi" name="yoga.http.mistral.cron_trigger_list" /><testcase classname="pulumi" name="yoga.http.mistral.task_list" /><testcase classname="pulumi" name="yoga.http.mistral.workflow_create" /><testcase classname="pulumi" name="yoga.http.mistral.execution_create" /><testcase classname="pulumi" name="yoga.http.mistral.action_create" /><testcase classname="pulumi" name="yoga.http.mistral.workbook_create" /><testcase classname="pulumi" name="yoga.http.mistral.cron_trigger_create" /><testcase classname="pulumi" name="yoga.http.mistral.task_create" /><testcase classname="pulumi" name="yoga.http.mistral.workflow_show" /><testcase classname="pulumi" name="yoga.http.mistral.execution_show" /><testcase classname="pulumi" name="yoga.http.mistral.action_show" /><testcase classname="pulumi" name="yoga.http.mistral.workbook_show" /><testcase classname="pulumi" name="yoga.http.mistral.cron_trigger_show" /><testcase classname="pulumi" name="yoga.http.mistral.task_show" /><testcase classname="pulumi" name="yoga.http.mistral.workflow_update" /><testcase classname="pulumi" name="yoga.http.mistral.execution_update" /><testcase classname="pulumi" name="yoga.http.mistral.action_update" /><testcase classname="pulumi" name="yoga.http.mistral.workbook_update" /><testcase classname="pulumi" name="yoga.http.mistral.cron_trigger_update" /><testcase classname="pulumi" name="yoga.http.mistral.task_update" /><testcase classname="pulumi" name="yoga.http.mistral.workflow_patch" /><testcase classname="pulumi" name="yoga.http.mistral.execution_patch" /><testcase classname="pulumi" name="yoga.http.mistral.action_patch" /><testcase classname="pulumi" name="yoga.http.mistral.workbook_patch" /><testcase classname="pulumi" name="yoga.http.mistral.cron_trigger_patch" /><testcase classname="pulumi" name="yoga.http.mistral.task_patch" /><testcase classname="pulumi" name="yoga.http.mistral.workflow_delete" /><testcase classname="pulumi" name="yoga.http.mistral.execution_delete" /><testcase classname="pulumi" name="yoga.http.mistral.action_delete" /><testcase classname="pulumi" name="yoga.http.mistral.workbook_delete" /><testcase classname="pulumi" name="yoga.http.mistral.cron_trigger_delete" /><testcase classname="pulumi" name="yoga.http.mistral.task_delete" /><testcase classname="pulumi" name="yoga.http.neutron.neutron_versions" /><testcase classname="pulumi" name="yoga.http.neutron.network_list" /><testcase classname="pulumi" name="yoga.http.neutron.subnet_list" /><testcase classname="pulumi" name="yoga.http.neutron.port_list" /><testcase classname="pulumi" name="yoga.http.neutron.router_list" /><testcase classname="pulumi" name="yoga.http.neutron.floatingip_list" /><testcase classname="pulumi" name="yoga.http.neutron.security_group_list" /><testcase classname="pulumi" name="yoga.http.neutron.security_group_rule_list" /><testcase classname="pulumi" name="yoga.http.neutron.address_scope_list" /><testcase classname="pulumi" name="yoga.http.neutron.subnetpool_list" /><testcase classname="pulumi" name="yoga.http.neutron.qos_policy_list" /><testcase classname="pulumi" name="yoga.http.neutron.trunk_list" /><testcase classname="pulumi" name="yoga.http.neutron.rbac_policy_list" /><testcase classname="pulumi" name="yoga.http.neutron.metering_label_list" /><testcase classname="pulumi" name="yoga.http.neutron.metering_label_rule_list" /><testcase classname="pulumi" name="yoga.http.neutron.service_profile_list" /><testcase classname="pulumi" name="yoga.http.neutron.neutron_flavor_list" /><testcase classname="pulumi" name="yoga.http.neutron.lbaas_loadbalancer_list" /><testcase classname="pulumi" name="yoga.http.neutron.lbaas_listener_list" /><testcase classname="pulumi" name="yoga.http.neutron.lbaas_pool_list" /><testcase classname="pulumi" name="yoga.http.neutron.neutron_agents" /><testcase classname="pulumi" name="yoga.http.neutron.neutron_quota_list" /><testcase classname="pulumi" name="yoga.http.neutron.network_create" /><testcase classname="pulumi" name="yoga.http.neutron.subnet_create" /><testcase classname="pulumi" name="yoga.http.neutron.port_create" /><testcase classname="pulumi" name="yoga.http.neutron.router_create" /><testcase classname="pulumi" name="yoga.http.neutron.floatingip_create" /><testcase classname="pulumi" name="yoga.http.neutron.security_group_create" /><testcase classname="pulumi" name="yoga.http.neutron.security_group_rule_create" /><testcase classname="pulumi" name="yoga.http.neutron.address_scope_create" /><testcase classname="pulumi" name="yoga.http.neutron.subnetpool_create" /><testcase classname="pulumi" name="yoga.http.neutron.qos_policy_create" /><testcase classname="pulumi" name="yoga.http.neutron.trunk_create" /><testcase classname="pulumi" name="yoga.http.neutron.rbac_policy_create" /><testcase classname="pulumi" name="yoga.http.neutron.metering_label_create" /><testcase classname="pulumi" name="yoga.http.neutron.metering_label_rule_create" /><testcase classname="pulumi" name="yoga.http.neutron.service_profile_create" /><testcase classname="pulumi" name="yoga.http.neutron.neutron_flavor_create" /><testcase classname="pulumi" name="yoga.http.neutron.lbaas_loadbalancer_create" /><testcase classname="pulumi" name="yoga.http.neutron.lbaas_listener_create" /><testcase classname="pulumi" name="yoga.http.neutron.lbaas_pool_create" /><testcase classname="pulumi" name="yoga.http.neutron.qos_bandwidth_limit_rule_create" /><testcase classname="pulumi" name="yoga.http.neutron.qos_dscp_marking_rule_create" /><testcase classname="pulumi" name="yoga.http.neutron.qos_minimum_bandwidth_rule_create" /><testcase classname="pulumi" name="yoga.http.neutron.trunk_subport_create" /><testcase classname="pulumi" name="yoga.http.neutron.floatingip_port_forwarding_create" /><testcase classname="pulumi" name="yoga.http.neutron.network_show" /><testcase classname="pulumi" name="yoga.http.neutron.subnet_show" /><testcase classname="pulumi" name="yoga.http.neutron.port_show" /><testcase classname="pulumi" name="yoga.http.neutron.router_show" /><testcase classname="pulumi" name="yoga.http.neutron.floatingip_show" /><testcase classname="pulumi" name="yoga.http.neutron.security_group_show" /><testcase classname="pulumi" name="yoga.http.neutron.security_group_rule_show" /><testcase classname="pulumi" name="yoga.http.neutron.address_scope_show" /><testcase classname="pulumi" name="yoga.http.neutron.subnetpool_show" /><testcase classname="pulumi" name="yoga.http.neutron.qos_policy_show" /><testcase classname="pulumi" name="yoga.http.neutron.trunk_show" /><testcase classname="pulumi" name="yoga.http.neutron.rbac_policy_show" /><testcase classname="pulumi" name="yoga.http.neutron.metering_label_show" /><testcase classname="pulumi" name="yoga.http.neutron.metering_label_rule_show" /><testcase classname="pulumi" name="yoga.http.neutron.service_profile_show" /><testcase classname="pulumi" name="yoga.http.neutron.neutron_flavor_show" /><testcase classname="pulumi" name="yoga.http.neutron.lbaas_loadbalancer_show" /><testcase classname="pulumi" name="yoga.http.neutron.lbaas_listener_show" /><testcase classname="pulumi" name="yoga.http.neutron.lbaas_pool_show" /><testcase classname="pulumi" name="yoga.http.neutron.neutron_agent_show" /><testcase classname="pulumi" name="yoga.http.neutron.neutron_quota_show" /><testcase classname="pulumi" name="yoga.http.neutron.qos_bandwidth_limit_rule_list" /><testcase classname="pulumi" name="yoga.http.neutron.qos_bandwidth_limit_rule_show" /><testcase classname="pulumi" name="yoga.http.neutron.qos_dscp_marking_rule_list" /><testcase classname="pulumi" name="yoga.http.neutron.qos_dscp_marking_rule_show" /><testcase classname="pulumi" name="yoga.http.neutron.qos_minimum_bandwidth_rule_list" /><testcase classname="pulumi" name="yoga.http.neutron.qos_minimum_bandwidth_rule_show" /><testcase classname="pulumi" name="yoga.http.neutron.trunk_subport_list" /><testcase classname="pulumi" name="yoga.http.neutron.trunk_subport_show" /><testcase classname="pulumi" name="yoga.http.neutron.floatingip_port_forwarding_list" /><testcase classname="pulumi" name="yoga.http.neutron.floatingip_port_forwarding_show" /><testcase classname="pulumi" name="yoga.http.neutron.network_update" /><testcase classname="pulumi" name="yoga.http.neutron.subnet_update" /><testcase classname="pulumi" name="yoga.http.neutron.port_update" /><testcase classname="pulumi" name="yoga.http.neutron.router_update" /><testcase classname="pulumi" name="yoga.http.neutron.floatingip_update" /><testcase classname="pulumi" name="yoga.http.neutron.security_group_update" /><testcase classname="pulumi" name="yoga.http.neutron.security_group_rule_update" /><testcase classname="pulumi" name="yoga.http.neutron.address_scope_update" /><testcase classname="pulumi" name="yoga.http.neutron.subnetpool_update" /><testcase classname="pulumi" name="yoga.http.neutron.qos_policy_update" /><testcase classname="pulumi" name="yoga.http.neutron.trunk_update" /><testcase classname="pulumi" name="yoga.http.neutron.rbac_policy_update" /><testcase classname="pulumi" name="yoga.http.neutron.metering_label_update" /><testcase classname="pulumi" name="yoga.http.neutron.metering_label_rule_update" /><testcase classname="pulumi" name="yoga.http.neutron.service_profile_update" /><testcase classname="pulumi" name="yoga.http.neutron.neutron_flavor_update" /><testcase classname="pulumi" name="yoga.http.neutron.lbaas_loadbalancer_update" /><testcase classname="pulumi" name="yoga.http.neutron.lbaas_listener_update" /><testcase classname="pulumi" name="yoga.http.neutron.lbaas_pool_update" /><testcase classname="pulumi" name="yoga.http.neutron.neutron_quota_update" /><testcase classname="pulumi" name="yoga.http.neutron.router_add_interface" /><testcase classname="pulumi" name="yoga.http.neutron.router_remove_interface" /><testcase classname="pulumi" name="yoga.http.neutron.router_add_extraroutes" /><testcase classname="pulumi" name="yoga.http.neutron.router_remove_extraroutes" /><testcase classname="pulumi" name="yoga.http.neutron.qos_bandwidth_limit_rule_update" /><testcase classname="pulumi" name="yoga.http.neutron.qos_dscp_marking_rule_update" /><testcase classname="pulumi" name="yoga.http.neutron.qos_minimum_bandwidth_rule_update" /><testcase classname="pulumi" name="yoga.http.neutron.trunk_subport_update" /><testcase classname="pulumi" name="yoga.http.neutron.floatingip_port_forwarding_update" /><testcase classname="pulumi" name="yoga.http.neutron.network_patch" /><testcase classname="pulumi" name="yoga.http.neutron.subnet_patch" /><testcase classname="pulumi" name="yoga.http.neutron.port_patch" /><testcase classname="pulumi" name="yoga.http.neutron.router_patch" /><testcase classname="pulumi" name="yoga.http.neutron.floatingip_patch" /><testcase classname="pulumi" name="yoga.http.neutron.security_group_patch" /><testcase classname="pulumi" name="yoga.http.neutron.security_group_rule_patch" /><testcase classname="pulumi" name="yoga.http.neutron.address_scope_patch" /><testcase classname="pulumi" name="yoga.http.neutron.subnetpool_patch" /><testcase classname="pulumi" name="yoga.http.neutron.qos_policy_patch" /><testcase classname="pulumi" name="yoga.http.neutron.trunk_patch" /><testcase classname="pulumi" name="yoga.http.neutron.rbac_policy_patch" /><testcase classname="pulumi" name="yoga.http.neutron.metering_label_patch" /><testcase classname="pulumi" name="yoga.http.neutron.metering_label_rule_patch" /><testcase classname="pulumi" name="yoga.http.neutron.service_profile_patch" /><testcase classname="pulumi" name="yoga.http.neutron.neutron_flavor_patch" /><testcase classname="pulumi" name="yoga.http.neutron.lbaas_loadbalancer_patch" /><testcase classname="pulumi" name="yoga.http.neutron.lbaas_listener_patch" /><testcase classname="pulumi" name="yoga.http.neutron.lbaas_pool_patch" /><testcase classname="pulumi" name="yoga.http.neutron.qos_bandwidth_limit_rule_patch" /><testcase classname="pulumi" name="yoga.http.neutron.qos_dscp_marking_rule_patch" /><testcase classname="pulumi" name="yoga.http.neutron.qos_minimum_bandwidth_rule_patch" /><testcase classname="pulumi" name="yoga.http.neutron.trunk_subport_patch" /><testcase classname="pulumi" name="yoga.http.neutron.floatingip_port_forwarding_patch" /><testcase classname="pulumi" name="yoga.http.neutron.network_delete" /><testcase classname="pulumi" name="yoga.http.neutron.subnet_delete" /><testcase classname="pulumi" name="yoga.http.neutron.port_delete" /><testcase classname="pulumi" name="yoga.http.neutron.router_delete" /><testcase classname="pulumi" name="yoga.http.neutron.floatingip_delete" /><testcase classname="pulumi" name="yoga.http.neutron.security_group_delete" /><testcase classname="pulumi" name="yoga.http.neutron.security_group_rule_delete" /><testcase classname="pulumi" name="yoga.http.neutron.address_scope_delete" /><testcase classname="pulumi" name="yoga.http.neutron.subnetpool_delete" /><testcase classname="pulumi" name="yoga.http.neutron.qos_policy_delete" /><testcase classname="pulumi" name="yoga.http.neutron.trunk_delete" /><testcase classname="pulumi" name="yoga.http.neutron.rbac_policy_delete" /><testcase classname="pulumi" name="yoga.http.neutron.metering_label_delete" /><testcase classname="pulumi" name="yoga.http.neutron.metering_label_rule_delete" /><testcase classname="pulumi" name="yoga.http.neutron.service_profile_delete" /><testcase classname="pulumi" name="yoga.http.neutron.neutron_flavor_delete" /><testcase classname="pulumi" name="yoga.http.neutron.lbaas_loadbalancer_delete" /><testcase classname="pulumi" name="yoga.http.neutron.lbaas_listener_delete" /><testcase classname="pulumi" name="yoga.http.neutron.lbaas_pool_delete" /><testcase classname="pulumi" name="yoga.http.neutron.neutron_quota_delete" /><testcase classname="pulumi" name="yoga.http.neutron.qos_bandwidth_limit_rule_delete" /><testcase classname="pulumi" name="yoga.http.neutron.qos_dscp_marking_rule_delete" /><testcase classname="pulumi" name="yoga.http.neutron.qos_minimum_bandwidth_rule_delete" /><testcase classname="pulumi" name="yoga.http.neutron.trunk_subport_delete" /><testcase classname="pulumi" name="yoga.http.neutron.floatingip_port_forwarding_delete" /><testcase classname="pulumi" name="yoga.http.nova.server_list" /><testcase classname="pulumi" name="yoga.http.nova.server_list_detail" /><testcase classname="pulumi" name="yoga.http.nova.flavor_list" /><testcase classname="pulumi" name="yoga.http.nova.flavor_list_detail" /><testcase classname="pulumi" name="yoga.http.nova.keypair_list" /><testcase classname="pulumi" name="yoga.http.nova.aggregate_list" /><testcase classname="pulumi" name="yoga.http.nova.server_group_list" /><testcase classname="pulumi" name="yoga.http.nova.nova_versions" /><testcase classname="pulumi" name="yoga.http.nova.hypervisor_list" /><testcase classname="pulumi" name="yoga.http.nova.hypervisor_detail" /><testcase classname="pulumi" name="yoga.http.nova.az_list" /><testcase classname="pulumi" name="yoga.http.nova.az_detail" /><testcase classname="pulumi" name="yoga.http.nova.compute_services" /><testcase classname="pulumi" name="yoga.http.nova.compute_limits" /><testcase classname="pulumi" name="yoga.http.nova.migrations_list" /><testcase classname="pulumi" name="yoga.http.nova.nova_networks" /><testcase classname="pulumi" name="yoga.http.nova.nova_tenant_networks" /><testcase classname="pulumi" name="yoga.http.nova.nova_security_groups" /><testcase classname="pulumi" name="yoga.http.nova.nova_floating_ips" /><testcase classname="pulumi" name="yoga.http.nova.server_create" /><testcase classname="pulumi" name="yoga.http.nova.volume_attachment_create" /><testcase classname="pulumi" name="yoga.http.nova.interface_attachment_create" /><testcase classname="pulumi" name="yoga.http.nova.instance_action_create" /><testcase classname="pulumi" name="yoga.http.nova.server_metadata_create" /><testcase classname="pulumi" name="yoga.http.nova.server_tag_create" /><testcase classname="pulumi" name="yoga.http.nova.server_security_group_create" /><testcase classname="pulumi" name="yoga.http.nova.flavor_create" /><testcase classname="pulumi" name="yoga.http.nova.keypair_create" /><testcase classname="pulumi" name="yoga.http.nova.aggregate_create" /><testcase classname="pulumi" name="yoga.http.nova.server_group_create" /><testcase classname="pulumi" name="yoga.http.nova.flavor_extra_spec_create" /><testcase classname="pulumi" name="yoga.http.nova.server_show" /><testcase classname="pulumi" name="yoga.http.nova.volume_attachment_list" /><testcase classname="pulumi" name="yoga.http.nova.volume_attachment_show" /><testcase classname="pulumi" name="yoga.http.nova.interface_attachment_list" /><testcase classname="pulumi" name="yoga.http.nova.interface_attachment_show" /><testcase classname="pulumi" name="yoga.http.nova.instance_action_list" /><testcase classname="pulumi" name="yoga.http.nova.instance_action_show" /><testcase classname="pulumi" name="yoga.http.nova.server_metadata_list" /><testcase classname="pulumi" name="yoga.http.nova.server_metadata_show" /><testcase classname="pulumi" name="yoga.http.nova.server_tag_list" /><testcase classname="pulumi" name="yoga.http.nova.server_tag_show" /><testcase classname="pulumi" name="yoga.http.nova.server_security_group_list" /><testcase classname="pulumi" name="yoga.http.nova.server_security_group_show" /><testcase classname="pulumi" name="yoga.http.nova.flavor_show" /><testcase classname="pulumi" name="yoga.http.nova.keypair_show" /><testcase classname="pulumi" name="yoga.http.nova.aggregate_show" /><testcase classname="pulumi" name="yoga.http.nova.server_group_show" /><testcase classname="pulumi" name="yoga.http.nova.hypervisor_show" /><testcase classname="pulumi" name="yoga.http.nova.quota_set_show" /><testcase classname="pulumi" name="yoga.http.nova.quota_set_detail" /><testcase classname="pulumi" name="yoga.http.nova.flavor_extra_spec_list" /><testcase classname="pulumi" name="yoga.http.nova.flavor_extra_spec_show" /><testcase classname="pulumi" name="yoga.http.nova.server_password_show" /><testcase classname="pulumi" name="yoga.http.nova.server_action" /><testcase classname="pulumi" name="yoga.http.nova.server_update" /><testcase classname="pulumi" name="yoga.http.nova.volume_attachment_update" /><testcase classname="pulumi" name="yoga.http.nova.interface_attachment_update" /><testcase classname="pulumi" name="yoga.http.nova.instance_action_update" /><testcase classname="pulumi" name="yoga.http.nova.server_metadata_update" /><testcase classname="pulumi" name="yoga.http.nova.server_tag_update" /><testcase classname="pulumi" name="yoga.http.nova.server_security_group_update" /><testcase classname="pulumi" name="yoga.http.nova.flavor_update" /><testcase classname="pulumi" name="yoga.http.nova.keypair_update" /><testcase classname="pulumi" name="yoga.http.nova.aggregate_update" /><testcase classname="pulumi" name="yoga.http.nova.server_group_update" /><testcase classname="pulumi" name="yoga.http.nova.quota_set_update" /><testcase classname="pulumi" name="yoga.http.nova.flavor_extra_spec_update" /><testcase classname="pulumi" name="yoga.http.nova.server_patch" /><testcase classname="pulumi" name="yoga.http.nova.volume_attachment_patch" /><testcase classname="pulumi" name="yoga.http.nova.interface_attachment_patch" /><testcase classname="pulumi" name="yoga.http.nova.instance_action_patch" /><testcase classname="pulumi" name="yoga.http.nova.server_metadata_patch" /><testcase classname="pulumi" name="yoga.http.nova.server_tag_patch" /><testcase classname="pulumi" name="yoga.http.nova.server_security_group_patch" /><testcase classname="pulumi" name="yoga.http.nova.flavor_patch" /><testcase classname="pulumi" name="yoga.http.nova.keypair_patch" /><testcase classname="pulumi" name="yoga.http.nova.aggregate_patch" /><testcase classname="pulumi" name="yoga.http.nova.server_group_patch" /><testcase classname="pulumi" name="yoga.http.nova.flavor_extra_spec_patch" /><testcase classname="pulumi" name="yoga.http.nova.server_delete" /><testcase classname="pulumi" name="yoga.http.nova.volume_attachment_delete" /><testcase classname="pulumi" name="yoga.http.nova.interface_attachment_delete" /><testcase classname="pulumi" name="yoga.http.nova.instance_action_delete" /><testcase classname="pulumi" name="yoga.http.nova.server_metadata_delete" /><testcase classname="pulumi" name="yoga.http.nova.server_tag_delete" /><testcase classname="pulumi" name="yoga.http.nova.server_security_group_delete" /><testcase classname="pulumi" name="yoga.http.nova.flavor_delete" /><testcase classname="pulumi" name="yoga.http.nova.keypair_delete" /><testcase classname="pulumi" name="yoga.http.nova.aggregate_delete" /><testcase classname="pulumi" name="yoga.http.nova.server_group_delete" /><testcase classname="pulumi" name="yoga.http.nova.flavor_extra_spec_delete" /><testcase classname="pulumi" name="yoga.http.nova.server_password_clear" /><testcase classname="pulumi" name="yoga.http.octavia.octavia_versions" /><testcase classname="pulumi" name="yoga.http.octavia.loadbalancer_list" /><testcase classname="pulumi" name="yoga.http.octavia.listener_list" /><testcase classname="pulumi" name="yoga.http.octavia.pool_list" /><testcase classname="pulumi" name="yoga.http.octavia.healthmonitor_list" /><testcase classname="pulumi" name="yoga.http.octavia.flavor_list" /><testcase classname="pulumi" name="yoga.http.octavia.quota_list" /><testcase classname="pulumi" name="yoga.http.octavia.loadbalancer_create" /><testcase classname="pulumi" name="yoga.http.octavia.listener_create" /><testcase classname="pulumi" name="yoga.http.octavia.pool_create" /><testcase classname="pulumi" name="yoga.http.octavia.healthmonitor_create" /><testcase classname="pulumi" name="yoga.http.octavia.flavor_create" /><testcase classname="pulumi" name="yoga.http.octavia.quota_create" /><testcase classname="pulumi" name="yoga.http.octavia.member_create" /><testcase classname="pulumi" name="yoga.http.octavia.loadbalancer_show" /><testcase classname="pulumi" name="yoga.http.octavia.listener_show" /><testcase classname="pulumi" name="yoga.http.octavia.pool_show" /><testcase classname="pulumi" name="yoga.http.octavia.healthmonitor_show" /><testcase classname="pulumi" name="yoga.http.octavia.flavor_show" /><testcase classname="pulumi" name="yoga.http.octavia.quota_show" /><testcase classname="pulumi" name="yoga.http.octavia.member_list" /><testcase classname="pulumi" name="yoga.http.octavia.member_show" /><testcase classname="pulumi" name="yoga.http.octavia.loadbalancer_update" /><testcase classname="pulumi" name="yoga.http.octavia.listener_update" /><testcase classname="pulumi" name="yoga.http.octavia.pool_update" /><testcase classname="pulumi" name="yoga.http.octavia.healthmonitor_update" /><testcase classname="pulumi" name="yoga.http.octavia.flavor_update" /><testcase classname="pulumi" name="yoga.http.octavia.quota_update" /><testcase classname="pulumi" name="yoga.http.octavia.member_update" /><testcase classname="pulumi" name="yoga.http.octavia.loadbalancer_failover" /><testcase classname="pulumi" name="yoga.http.octavia.loadbalancer_patch" /><testcase classname="pulumi" name="yoga.http.octavia.listener_patch" /><testcase classname="pulumi" name="yoga.http.octavia.pool_patch" /><testcase classname="pulumi" name="yoga.http.octavia.healthmonitor_patch" /><testcase classname="pulumi" name="yoga.http.octavia.flavor_patch" /><testcase classname="pulumi" name="yoga.http.octavia.quota_patch" /><testcase classname="pulumi" name="yoga.http.octavia.member_patch" /><testcase classname="pulumi" name="yoga.http.octavia.loadbalancer_delete" /><testcase classname="pulumi" name="yoga.http.octavia.listener_delete" /><testcase classname="pulumi" name="yoga.http.octavia.pool_delete" /><testcase classname="pulumi" name="yoga.http.octavia.healthmonitor_delete" /><testcase classname="pulumi" name="yoga.http.octavia.flavor_delete" /><testcase classname="pulumi" name="yoga.http.octavia.quota_delete" /><testcase classname="pulumi" name="yoga.http.octavia.member_delete" /><testcase classname="pulumi" name="yoga.http.placement.placement_root" /><testcase classname="pulumi" name="yoga.http.placement.resource_provider_list" /><testcase classname="pulumi" name="yoga.http.placement.resource_class_list" /><testcase classname="pulumi" name="yoga.http.placement.trait_list" /><testcase classname="pulumi" name="yoga.http.placement.allocation_candidates" /><testcase classname="pulumi" name="yoga.http.placement.usages" /><testcase classname="pulumi" name="yoga.http.placement.resource_provider_create" /><testcase classname="pulumi" name="yoga.http.placement.resource_class_create" /><testcase classname="pulumi" name="yoga.http.placement.trait_create" /><testcase classname="pulumi" name="yoga.http.placement.resource_provider_show" /><testcase classname="pulumi" name="yoga.http.placement.resource_class_show" /><testcase classname="pulumi" name="yoga.http.placement.trait_show" /><testcase classname="pulumi" name="yoga.http.placement.allocation_show" /><testcase classname="pulumi" name="yoga.http.placement.rp_inventories" /><testcase classname="pulumi" name="yoga.http.placement.rp_aggregates" /><testcase classname="pulumi" name="yoga.http.placement.rp_traits" /><testcase classname="pulumi" name="yoga.http.placement.rp_usages" /><testcase classname="pulumi" name="yoga.http.placement.rp_allocations" /><testcase classname="pulumi" name="yoga.http.placement.resource_provider_update" /><testcase classname="pulumi" name="yoga.http.placement.resource_class_update" /><testcase classname="pulumi" name="yoga.http.placement.trait_update" /><testcase classname="pulumi" name="yoga.http.placement.allocation_set" /><testcase classname="pulumi" name="yoga.http.placement.rp_inventories_set" /><testcase classname="pulumi" name="yoga.http.placement.resource_provider_patch" /><testcase classname="pulumi" name="yoga.http.placement.resource_class_patch" /><testcase classname="pulumi" name="yoga.http.placement.trait_patch" /><testcase classname="pulumi" name="yoga.http.placement.resource_provider_delete" /><testcase classname="pulumi" name="yoga.http.placement.resource_class_delete" /><testcase classname="pulumi" name="yoga.http.placement.trait_delete" /><testcase classname="pulumi" name="yoga.http.placement.allocation_delete" /><testcase classname="pulumi" name="yoga.http.swift.swift_info" /><testcase classname="pulumi" name="yoga.http.swift.swift_account_post" /><testcase classname="pulumi" name="yoga.http.swift.swift_object_post" /><testcase classname="pulumi" name="yoga.http.swift.swift_account_get" /><testcase classname="pulumi" name="yoga.http.swift.swift_container_get" /><testcase classname="pulumi" name="yoga.http.swift.swift_object_get" /><testcase classname="pulumi" name="yoga.http.swift.swift_container_put" /><testcase classname="pulumi" name="yoga.http.swift.swift_object_put" /><testcase classname="pulumi" name="yoga.http.swift.swift_container_delete" /><testcase classname="pulumi" name="yoga.http.swift.swift_object_delete" /><testcase classname="pulumi" name="yoga.http.tacker.vnf_list" /><testcase classname="pulumi" name="yoga.http.tacker.vnfd_list" /><testcase classname="pulumi" name="yoga.http.tacker.vim_list" /><testcase classname="pulumi" name="yoga.http.tacker.vnf_create" /><testcase classname="pulumi" name="yoga.http.tacker.vnfd_create" /><testcase classname="pulumi" name="yoga.http.tacker.vim_create" /><testcase classname="pulumi" name="yoga.http.tacker.vnf_show" /><testcase classname="pulumi" name="yoga.http.tacker.vnfd_show" /><testcase classname="pulumi" name="yoga.http.tacker.vim_show" /><testcase classname="pulumi" name="yoga.http.tacker.vnf_update" /><testcase classname="pulumi" name="yoga.http.tacker.vnfd_update" /><testcase classname="pulumi" name="yoga.http.tacker.vim_update" /><testcase classname="pulumi" name="yoga.http.tacker.vnf_patch" /><testcase classname="pulumi" name="yoga.http.tacker.vnfd_patch" /><testcase classname="pulumi" name="yoga.http.tacker.vim_patch" /><testcase classname="pulumi" name="yoga.http.tacker.vnf_delete" /><testcase classname="pulumi" name="yoga.http.tacker.vnfd_delete" /><testcase classname="pulumi" name="yoga.http.tacker.vim_delete" /><testcase classname="pulumi" name="yoga.http.trove.trove_versions" /><testcase classname="pulumi" name="yoga.http.trove.instance_list" /><testcase classname="pulumi" name="yoga.http.trove.datastore_list" /><testcase classname="pulumi" name="yoga.http.trove.backup_list" /><testcase classname="pulumi" name="yoga.http.trove.configuration_list" /><testcase classname="pulumi" name="yoga.http.trove.cluster_list" /><testcase classname="pulumi" name="yoga.http.trove.instance_create" /><testcase classname="pulumi" name="yoga.http.trove.datastore_create" /><testcase classname="pulumi" name="yoga.http.trove.backup_create" /><testcase classname="pulumi" name="yoga.http.trove.configuration_create" /><testcase classname="pulumi" name="yoga.http.trove.cluster_create" /><testcase classname="pulumi" name="yoga.http.trove.instance_show" /><testcase classname="pulumi" name="yoga.http.trove.datastore_show" /><testcase classname="pulumi" name="yoga.http.trove.backup_show" /><testcase classname="pulumi" name="yoga.http.trove.configuration_show" /><testcase classname="pulumi" name="yoga.http.trove.cluster_show" /><testcase classname="pulumi" name="yoga.http.trove.instance_update" /><testcase classname="pulumi" name="yoga.http.trove.datastore_update" /><testcase classname="pulumi" name="yoga.http.trove.backup_update" /><testcase classname="pulumi" name="yoga.http.trove.configuration_update" /><testcase classname="pulumi" name="yoga.http.trove.cluster_update" /><testcase classname="pulumi" name="yoga.http.trove.instance_patch" /><testcase classname="pulumi" name="yoga.http.trove.datastore_patch" /><testcase classname="pulumi" name="yoga.http.trove.backup_patch" /><testcase classname="pulumi" name="yoga.http.trove.configuration_patch" /><testcase classname="pulumi" name="yoga.http.trove.cluster_patch" /><testcase classname="pulumi" name="yoga.http.trove.instance_delete" /><testcase classname="pulumi" name="yoga.http.trove.datastore_delete" /><testcase classname="pulumi" name="yoga.http.trove.backup_delete" /><testcase classname="pulumi" name="yoga.http.trove.configuration_delete" /><testcase classname="pulumi" name="yoga.http.trove.cluster_delete" /><testcase classname="pulumi" name="yoga.http.vitrage.topology_list" /><testcase classname="pulumi" name="yoga.http.vitrage.alarm_list" /><testcase classname="pulumi" name="yoga.http.vitrage.resource_list" /><testcase classname="pulumi" name="yoga.http.vitrage.template_list" /><testcase classname="pulumi" name="yoga.http.vitrage.event_list" /><testcase classname="pulumi" name="yoga.http.vitrage.topology_create" /><testcase classname="pulumi" name="yoga.http.vitrage.alarm_create" /><testcase classname="pulumi" name="yoga.http.vitrage.resource_create" /><testcase classname="pulumi" name="yoga.http.vitrage.template_create" /><testcase classname="pulumi" name="yoga.http.vitrage.event_create" /><testcase classname="pulumi" name="yoga.http.vitrage.topology_show" /><testcase classname="pulumi" name="yoga.http.vitrage.alarm_show" /><testcase classname="pulumi" name="yoga.http.vitrage.resource_show" /><testcase classname="pulumi" name="yoga.http.vitrage.template_show" /><testcase classname="pulumi" name="yoga.http.vitrage.event_show" /><testcase classname="pulumi" name="yoga.http.vitrage.topology_update" /><testcase classname="pulumi" name="yoga.http.vitrage.alarm_update" /><testcase classname="pulumi" name="yoga.http.vitrage.resource_update" /><testcase classname="pulumi" name="yoga.http.vitrage.template_update" /><testcase classname="pulumi" name="yoga.http.vitrage.event_update" /><testcase classname="pulumi" name="yoga.http.vitrage.topology_patch" /><testcase classname="pulumi" name="yoga.http.vitrage.alarm_patch" /><testcase classname="pulumi" name="yoga.http.vitrage.resource_patch" /><testcase classname="pulumi" name="yoga.http.vitrage.template_patch" /><testcase classname="pulumi" name="yoga.http.vitrage.event_patch" /><testcase classname="pulumi" name="yoga.http.vitrage.topology_delete" /><testcase classname="pulumi" name="yoga.http.vitrage.alarm_delete" /><testcase classname="pulumi" name="yoga.http.vitrage.resource_delete" /><testcase classname="pulumi" name="yoga.http.vitrage.template_delete" /><testcase classname="pulumi" name="yoga.http.vitrage.event_delete" /><testcase classname="pulumi" name="yoga.http.watcher.watcher_versions" /><testcase classname="pulumi" name="yoga.http.watcher.action_list" /><testcase classname="pulumi" name="yoga.http.watcher.goal_list" /><testcase classname="pulumi" name="yoga.http.watcher.strategy_list" /><testcase classname="pulumi" name="yoga.http.watcher.service_list" /><testcase classname="pulumi" name="yoga.http.watcher.action_create" /><testcase classname="pulumi" name="yoga.http.watcher.goal_create" /><testcase classname="pulumi" name="yoga.http.watcher.strategy_create" /><testcase classname="pulumi" name="yoga.http.watcher.service_create" /><testcase classname="pulumi" name="yoga.http.watcher.action_show" /><testcase classname="pulumi" name="yoga.http.watcher.goal_show" /><testcase classname="pulumi" name="yoga.http.watcher.strategy_show" /><testcase classname="pulumi" name="yoga.http.watcher.service_show" /><testcase classname="pulumi" name="yoga.http.watcher.action_update" /><testcase classname="pulumi" name="yoga.http.watcher.goal_update" /><testcase classname="pulumi" name="yoga.http.watcher.strategy_update" /><testcase classname="pulumi" name="yoga.http.watcher.service_update" /><testcase classname="pulumi" name="yoga.http.watcher.action_patch" /><testcase classname="pulumi" name="yoga.http.watcher.goal_patch" /><testcase classname="pulumi" name="yoga.http.watcher.strategy_patch" /><testcase classname="pulumi" name="yoga.http.watcher.service_patch" /><testcase classname="pulumi" name="yoga.http.watcher.action_delete" /><testcase classname="pulumi" name="yoga.http.watcher.goal_delete" /><testcase classname="pulumi" name="yoga.http.watcher.strategy_delete" /><testcase classname="pulumi" name="yoga.http.watcher.service_delete" /><testcase classname="pulumi" name="yoga.http.zaqar.zaqar_versions" /><testcase classname="pulumi" name="yoga.http.zun.zun_versions" /><testcase classname="pulumi" name="yoga.http.zun.container_list" /><testcase classname="pulumi" name="yoga.http.zun.image_list" /><testcase classname="pulumi" name="yoga.http.zun.host_list" /><testcase classname="pulumi" name="yoga.http.zun.service_list" /><testcase classname="pulumi" name="yoga.http.zun.container_create" /><testcase classname="pulumi" name="yoga.http.zun.image_create" /><testcase classname="pulumi" name="yoga.http.zun.host_create" /><testcase classname="pulumi" name="yoga.http.zun.service_create" /><testcase classname="pulumi" name="yoga.http.zun.container_show" /><testcase classname="pulumi" name="yoga.http.zun.image_show" /><testcase classname="pulumi" name="yoga.http.zun.host_show" /><testcase classname="pulumi" name="yoga.http.zun.service_show" /><testcase classname="pulumi" name="yoga.http.zun.container_action" /><testcase classname="pulumi" name="yoga.http.zun.container_stop" /><testcase classname="pulumi" name="yoga.http.zun.container_update" /><testcase classname="pulumi" name="yoga.http.zun.image_update" /><testcase classname="pulumi" name="yoga.http.zun.host_update" /><testcase classname="pulumi" name="yoga.http.zun.service_update" /><testcase classname="pulumi" name="yoga.http.zun.container_patch" /><testcase classname="pulumi" name="yoga.http.zun.image_patch" /><testcase classname="pulumi" name="yoga.http.zun.host_patch" /><testcase classname="pulumi" name="yoga.http.zun.service_patch" /><testcase classname="pulumi" name="yoga.http.zun.container_delete" /><testcase classname="pulumi" name="yoga.http.zun.image_delete" /><testcase classname="pulumi" name="yoga.http.zun.host_delete" /><testcase classname="pulumi" name="yoga.http.zun.service_delete" /><testcase classname="pulumi" name="antelope.pulumi_openstack.stack" /><testcase classname="pulumi" name="antelope.http.adjutant.task_list" /><testcase classname="pulumi" name="antelope.http.adjutant.token_list" /><testcase classname="pulumi" name="antelope.http.adjutant.notification_list" /><testcase classname="pulumi" name="antelope.http.adjutant.status_list" /><testcase classname="pulumi" name="antelope.http.adjutant.task_create" /><testcase classname="pulumi" name="antelope.http.adjutant.token_create" /><testcase classname="pulumi" name="antelope.http.adjutant.notification_create" /><testcase classname="pulumi" name="antelope.http.adjutant.status_create" /><testcase classname="pulumi" name="antelope.http.adjutant.task_show" /><testcase classname="pulumi" name="antelope.http.adjutant.token_show" /><testcase classname="pulumi" name="antelope.http.adjutant.notification_show" /><testcase classname="pulumi" name="antelope.http.adjutant.status_show" /><testcase classname="pulumi" name="antelope.http.adjutant.task_update" /><testcase classname="pulumi" name="antelope.http.adjutant.token_update" /><testcase classname="pulumi" name="antelope.http.adjutant.notification_update" /><testcase classname="pulumi" name="antelope.http.adjutant.status_update" /><testcase classname="pulumi" name="antelope.http.adjutant.task_patch" /><testcase classname="pulumi" name="antelope.http.adjutant.token_patch" /><testcase classname="pulumi" name="antelope.http.adjutant.notification_patch" /><testcase classname="pulumi" name="antelope.http.adjutant.status_patch" /><testcase classname="pulumi" name="antelope.http.adjutant.task_delete" /><testcase classname="pulumi" name="antelope.http.adjutant.token_delete" /><testcase classname="pulumi" name="antelope.http.adjutant.notification_delete" /><testcase classname="pulumi" name="antelope.http.adjutant.status_delete" /><testcase classname="pulumi" name="antelope.http.aodh.aodh_versions" /><testcase classname="pulumi" name="antelope.http.aodh.alarm_list" /><testcase classname="pulumi" name="antelope.http.aodh.quota_list" /><testcase classname="pulumi" name="antelope.http.aodh.alarm_create" /><testcase classname="pulumi" name="antelope.http.aodh.alarm_history_create" /><testcase classname="pulumi" name="antelope.http.aodh.quota_create" /><testcase classname="pulumi" name="antelope.http.aodh.alarm_show" /><testcase classname="pulumi" name="antelope.http.aodh.alarm_history_list" /><testcase classname="pulumi" name="antelope.http.aodh.alarm_history_show" /><testcase classname="pulumi" name="antelope.http.aodh.quota_show" /><testcase classname="pulumi" name="antelope.http.aodh.alarm_update" /><testcase classname="pulumi" name="antelope.http.aodh.alarm_history_update" /><testcase classname="pulumi" name="antelope.http.aodh.quota_update" /><testcase classname="pulumi" name="antelope.http.aodh.alarm_patch" /><testcase classname="pulumi" name="antelope.http.aodh.alarm_history_patch" /><testcase classname="pulumi" name="antelope.http.aodh.quota_patch" /><testcase classname="pulumi" name="antelope.http.aodh.alarm_delete" /><test
[...]
.http.octavia.l7rule_update" /><testcase classname="pulumi" name="dalmatian.http.octavia.loadbalancer_failover" /><testcase classname="pulumi" name="dalmatian.http.octavia.loadbalancer_patch" /><testcase classname="pulumi" name="dalmatian.http.octavia.listener_patch" /><testcase classname="pulumi" name="dalmatian.http.octavia.pool_patch" /><testcase classname="pulumi" name="dalmatian.http.octavia.healthmonitor_patch" /><testcase classname="pulumi" name="dalmatian.http.octavia.l7policy_patch" /><testcase classname="pulumi" name="dalmatian.http.octavia.flavor_patch" /><testcase classname="pulumi" name="dalmatian.http.octavia.flavorprofile_patch" /><testcase classname="pulumi" name="dalmatian.http.octavia.amphora_patch" /><testcase classname="pulumi" name="dalmatian.http.octavia.quota_patch" /><testcase classname="pulumi" name="dalmatian.http.octavia.provider_patch" /><testcase classname="pulumi" name="dalmatian.http.octavia.member_patch" /><testcase classname="pulumi" name="dalmatian.http.octavia.l7rule_patch" /><testcase classname="pulumi" name="dalmatian.http.octavia.loadbalancer_delete" /><testcase classname="pulumi" name="dalmatian.http.octavia.listener_delete" /><testcase classname="pulumi" name="dalmatian.http.octavia.pool_delete" /><testcase classname="pulumi" name="dalmatian.http.octavia.healthmonitor_delete" /><testcase classname="pulumi" name="dalmatian.http.octavia.l7policy_delete" /><testcase classname="pulumi" name="dalmatian.http.octavia.flavor_delete" /><testcase classname="pulumi" name="dalmatian.http.octavia.flavorprofile_delete" /><testcase classname="pulumi" name="dalmatian.http.octavia.amphora_delete" /><testcase classname="pulumi" name="dalmatian.http.octavia.quota_delete" /><testcase classname="pulumi" name="dalmatian.http.octavia.provider_delete" /><testcase classname="pulumi" name="dalmatian.http.octavia.member_delete" /><testcase classname="pulumi" name="dalmatian.http.octavia.l7rule_delete" /><testcase classname="pulumi" name="dalmatian.http.placement.placement_root" /><testcase classname="pulumi" name="dalmatian.http.placement.resource_provider_list" /><testcase classname="pulumi" name="dalmatian.http.placement.resource_class_list" /><testcase classname="pulumi" name="dalmatian.http.placement.trait_list" /><testcase classname="pulumi" name="dalmatian.http.placement.allocation_candidates" /><testcase classname="pulumi" name="dalmatian.http.placement.usages" /><testcase classname="pulumi" name="dalmatian.http.placement.resource_provider_create" /><testcase classname="pulumi" name="dalmatian.http.placement.resource_class_create" /><testcase classname="pulumi" name="dalmatian.http.placement.trait_create" /><testcase classname="pulumi" name="dalmatian.http.placement.resource_provider_show" /><testcase classname="pulumi" name="dalmatian.http.placement.resource_class_show" /><testcase classname="pulumi" name="dalmatian.http.placement.trait_show" /><testcase classname="pulumi" name="dalmatian.http.placement.allocation_show" /><testcase classname="pulumi" name="dalmatian.http.placement.rp_inventories" /><testcase classname="pulumi" name="dalmatian.http.placement.rp_aggregates" /><testcase classname="pulumi" name="dalmatian.http.placement.rp_traits" /><testcase classname="pulumi" name="dalmatian.http.placement.rp_usages" /><testcase classname="pulumi" name="dalmatian.http.placement.rp_allocations" /><testcase classname="pulumi" name="dalmatian.http.placement.resource_provider_update" /><testcase classname="pulumi" name="dalmatian.http.placement.resource_class_update" /><testcase classname="pulumi" name="dalmatian.http.placement.trait_update" /><testcase classname="pulumi" name="dalmatian.http.placement.allocation_set" /><testcase classname="pulumi" name="dalmatian.http.placement.rp_inventories_set" /><testcase classname="pulumi" name="dalmatian.http.placement.resource_provider_patch" /><testcase classname="pulumi" name="dalmatian.http.placement.resource_class_patch" /><testcase classname="pulumi" name="dalmatian.http.placement.trait_patch" /><testcase classname="pulumi" name="dalmatian.http.placement.resource_provider_delete" /><testcase classname="pulumi" name="dalmatian.http.placement.resource_class_delete" /><testcase classname="pulumi" name="dalmatian.http.placement.trait_delete" /><testcase classname="pulumi" name="dalmatian.http.placement.allocation_delete" /><testcase classname="pulumi" name="dalmatian.http.swift.swift_info" /><testcase classname="pulumi" name="dalmatian.http.swift.swift_account_post" /><testcase classname="pulumi" name="dalmatian.http.swift.swift_object_post" /><testcase classname="pulumi" name="dalmatian.http.swift.swift_account_get" /><testcase classname="pulumi" name="dalmatian.http.swift.swift_container_get" /><testcase classname="pulumi" name="dalmatian.http.swift.swift_object_get" /><testcase classname="pulumi" name="dalmatian.http.swift.swift_container_put" /><testcase classname="pulumi" name="dalmatian.http.swift.swift_object_put" /><testcase classname="pulumi" name="dalmatian.http.swift.swift_container_delete" /><testcase classname="pulumi" name="dalmatian.http.swift.swift_object_delete" /><testcase classname="pulumi" name="dalmatian.http.tacker.vnf_list" /><testcase classname="pulumi" name="dalmatian.http.tacker.vnfd_list" /><testcase classname="pulumi" name="dalmatian.http.tacker.vim_list" /><testcase classname="pulumi" name="dalmatian.http.tacker.vnf_package_list" /><testcase classname="pulumi" name="dalmatian.http.tacker.vnf_instance_list" /><testcase classname="pulumi" name="dalmatian.http.tacker.vnf_create" /><testcase classname="pulumi" name="dalmatian.http.tacker.vnfd_create" /><testcase classname="pulumi" name="dalmatian.http.tacker.vim_create" /><testcase classname="pulumi" name="dalmatian.http.tacker.vnf_package_create" /><testcase classname="pulumi" name="dalmatian.http.tacker.vnf_instance_create" /><testcase classname="pulumi" name="dalmatian.http.tacker.vnf_show" /><testcase classname="pulumi" name="dalmatian.http.tacker.vnfd_show" /><testcase classname="pulumi" name="dalmatian.http.tacker.vim_show" /><testcase classname="pulumi" name="dalmatian.http.tacker.vnf_package_show" /><testcase classname="pulumi" name="dalmatian.http.tacker.vnf_instance_show" /><testcase classname="pulumi" name="dalmatian.http.tacker.vnf_update" /><testcase classname="pulumi" name="dalmatian.http.tacker.vnfd_update" /><testcase classname="pulumi" name="dalmatian.http.tacker.vim_update" /><testcase classname="pulumi" name="dalmatian.http.tacker.vnf_package_update" /><testcase classname="pulumi" name="dalmatian.http.tacker.vnf_instance_update" /><testcase classname="pulumi" name="dalmatian.http.tacker.vnf_patch" /><testcase classname="pulumi" name="dalmatian.http.tacker.vnfd_patch" /><testcase classname="pulumi" name="dalmatian.http.tacker.vim_patch" /><testcase classname="pulumi" name="dalmatian.http.tacker.vnf_package_patch" /><testcase classname="pulumi" name="dalmatian.http.tacker.vnf_instance_patch" /><testcase classname="pulumi" name="dalmatian.http.tacker.vnf_delete" /><testcase classname="pulumi" name="dalmatian.http.tacker.vnfd_delete" /><testcase classname="pulumi" name="dalmatian.http.tacker.vim_delete" /><testcase classname="pulumi" name="dalmatian.http.tacker.vnf_package_delete" /><testcase classname="pulumi" name="dalmatian.http.tacker.vnf_instance_delete" /><testcase classname="pulumi" name="dalmatian.http.trove.trove_versions" /><testcase classname="pulumi" name="dalmatian.http.trove.instance_list" /><testcase classname="pulumi" name="dalmatian.http.trove.datastore_list" /><testcase classname="pulumi" name="dalmatian.http.trove.backup_list" /><testcase classname="pulumi" name="dalmatian.http.trove.configuration_list" /><testcase classname="pulumi" name="dalmatian.http.trove.cluster_list" /><testcase classname="pulumi" name="dalmatian.http.trove.instance_create" /><testcase classname="pulumi" name="dalmatian.http.trove.datastore_create" /><testcase classname="pulumi" name="dalmatian.http.trove.backup_create" /><testcase classname="pulumi" name="dalmatian.http.trove.configuration_create" /><testcase classname="pulumi" name="dalmatian.http.trove.cluster_create" /><testcase classname="pulumi" name="dalmatian.http.trove.instance_show" /><testcase classname="pulumi" name="dalmatian.http.trove.datastore_show" /><testcase classname="pulumi" name="dalmatian.http.trove.backup_show" /><testcase classname="pulumi" name="dalmatian.http.trove.configuration_show" /><testcase classname="pulumi" name="dalmatian.http.trove.cluster_show" /><testcase classname="pulumi" name="dalmatian.http.trove.instance_update" /><testcase classname="pulumi" name="dalmatian.http.trove.datastore_update" /><testcase classname="pulumi" name="dalmatian.http.trove.backup_update" /><testcase classname="pulumi" name="dalmatian.http.trove.configuration_update" /><testcase classname="pulumi" name="dalmatian.http.trove.cluster_update" /><testcase classname="pulumi" name="dalmatian.http.trove.instance_patch" /><testcase classname="pulumi" name="dalmatian.http.trove.datastore_patch" /><testcase classname="pulumi" name="dalmatian.http.trove.backup_patch" /><testcase classname="pulumi" name="dalmatian.http.trove.configuration_patch" /><testcase classname="pulumi" name="dalmatian.http.trove.cluster_patch" /><testcase classname="pulumi" name="dalmatian.http.trove.instance_delete" /><testcase classname="pulumi" name="dalmatian.http.trove.datastore_delete" /><testcase classname="pulumi" name="dalmatian.http.trove.backup_delete" /><testcase classname="pulumi" name="dalmatian.http.trove.configuration_delete" /><testcase classname="pulumi" name="dalmatian.http.trove.cluster_delete" /><testcase classname="pulumi" name="dalmatian.http.vitrage.topology_list" /><testcase classname="pulumi" name="dalmatian.http.vitrage.alarm_list" /><testcase classname="pulumi" name="dalmatian.http.vitrage.resource_list" /><testcase classname="pulumi" name="dalmatian.http.vitrage.template_list" /><testcase classname="pulumi" name="dalmatian.http.vitrage.event_list" /><testcase classname="pulumi" name="dalmatian.http.vitrage.topology_create" /><testcase classname="pulumi" name="dalmatian.http.vitrage.alarm_create" /><testcase classname="pulumi" name="dalmatian.http.vitrage.resource_create" /><testcase classname="pulumi" name="dalmatian.http.vitrage.template_create" /><testcase classname="pulumi" name="dalmatian.http.vitrage.event_create" /><testcase classname="pulumi" name="dalmatian.http.vitrage.topology_show" /><testcase classname="pulumi" name="dalmatian.http.vitrage.alarm_show" /><testcase classname="pulumi" name="dalmatian.http.vitrage.resource_show" /><testcase classname="pulumi" name="dalmatian.http.vitrage.template_show" /><testcase classname="pulumi" name="dalmatian.http.vitrage.event_show" /><testcase classname="pulumi" name="dalmatian.http.vitrage.topology_update" /><testcase classname="pulumi" name="dalmatian.http.vitrage.alarm_update" /><testcase classname="pulumi" name="dalmatian.http.vitrage.resource_update" /><testcase classname="pulumi" name="dalmatian.http.vitrage.template_update" /><testcase classname="pulumi" name="dalmatian.http.vitrage.event_update" /><testcase classname="pulumi" name="dalmatian.http.vitrage.topology_patch" /><testcase classname="pulumi" name="dalmatian.http.vitrage.alarm_patch" /><testcase classname="pulumi" name="dalmatian.http.vitrage.resource_patch" /><testcase classname="pulumi" name="dalmatian.http.vitrage.template_patch" /><testcase classname="pulumi" name="dalmatian.http.vitrage.event_patch" /><testcase classname="pulumi" name="dalmatian.http.vitrage.topology_delete" /><testcase classname="pulumi" name="dalmatian.http.vitrage.alarm_delete" /><testcase classname="pulumi" name="dalmatian.http.vitrage.resource_delete" /><testcase classname="pulumi" name="dalmatian.http.vitrage.template_delete" /><testcase classname="pulumi" name="dalmatian.http.vitrage.event_delete" /><testcase classname="pulumi" name="dalmatian.http.watcher.watcher_versions" /><testcase classname="pulumi" name="dalmatian.http.watcher.audit_template_list" /><testcase classname="pulumi" name="dalmatian.http.watcher.audit_list" /><testcase classname="pulumi" name="dalmatian.http.watcher.action_plan_list" /><testcase classname="pulumi" name="dalmatian.http.watcher.action_list" /><testcase classname="pulumi" name="dalmatian.http.watcher.goal_list" /><testcase classname="pulumi" name="dalmatian.http.watcher.strategy_list" /><testcase classname="pulumi" name="dalmatian.http.watcher.scoring_engine_list" /><testcase classname="pulumi" name="dalmatian.http.watcher.service_list" /><testcase classname="pulumi" name="dalmatian.http.watcher.audit_template_create" /><testcase classname="pulumi" name="dalmatian.http.watcher.audit_create" /><testcase classname="pulumi" name="dalmatian.http.watcher.action_plan_create" /><testcase classname="pulumi" name="dalmatian.http.watcher.action_create" /><testcase classname="pulumi" name="dalmatian.http.watcher.goal_create" /><testcase classname="pulumi" name="dalmatian.http.watcher.strategy_create" /><testcase classname="pulumi" name="dalmatian.http.watcher.scoring_engine_create" /><testcase classname="pulumi" name="dalmatian.http.watcher.service_create" /><testcase classname="pulumi" name="dalmatian.http.watcher.audit_template_show" /><testcase classname="pulumi" name="dalmatian.http.watcher.audit_show" /><testcase classname="pulumi" name="dalmatian.http.watcher.action_plan_show" /><testcase classname="pulumi" name="dalmatian.http.watcher.action_show" /><testcase classname="pulumi" name="dalmatian.http.watcher.goal_show" /><testcase classname="pulumi" name="dalmatian.http.watcher.strategy_show" /><testcase classname="pulumi" name="dalmatian.http.watcher.scoring_engine_show" /><testcase classname="pulumi" name="dalmatian.http.watcher.service_show" /><testcase classname="pulumi" name="dalmatian.http.watcher.audit_template_update" /><testcase classname="pulumi" name="dalmatian.http.watcher.audit_update" /><testcase classname="pulumi" name="dalmatian.http.watcher.action_plan_update" /><testcase classname="pulumi" name="dalmatian.http.watcher.action_update" /><testcase classname="pulumi" name="dalmatian.http.watcher.goal_update" /><testcase classname="pulumi" name="dalmatian.http.watcher.strategy_update" /><testcase classname="pulumi" name="dalmatian.http.watcher.scoring_engine_update" /><testcase classname="pulumi" name="dalmatian.http.watcher.service_update" /><testcase classname="pulumi" name="dalmatian.http.watcher.audit_template_patch" /><testcase classname="pulumi" name="dalmatian.http.watcher.audit_patch" /><testcase classname="pulumi" name="dalmatian.http.watcher.action_plan_patch" /><testcase classname="pulumi" name="dalmatian.http.watcher.action_patch" /><testcase classname="pulumi" name="dalmatian.http.watcher.goal_patch" /><testcase classname="pulumi" name="dalmatian.http.watcher.strategy_patch" /><testcase classname="pulumi" name="dalmatian.http.watcher.scoring_engine_patch" /><testcase classname="pulumi" name="dalmatian.http.watcher.service_patch" /><testcase classname="pulumi" name="dalmatian.http.watcher.audit_template_delete" /><testcase classname="pulumi" name="dalmatian.http.watcher.audit_delete" /><testcase classname="pulumi" name="dalmatian.http.watcher.action_plan_delete" /><testcase classname="pulumi" name="dalmatian.http.watcher.action_delete" /><testcase classname="pulumi" name="dalmatian.http.watcher.goal_delete" /><testcase classname="pulumi" name="dalmatian.http.watcher.strategy_delete" /><testcase classname="pulumi" name="dalmatian.http.watcher.scoring_engine_delete" /><testcase classname="pulumi" name="dalmatian.http.watcher.service_delete" /><testcase classname="pulumi" name="dalmatian.http.zaqar.zaqar_versions" /><testcase classname="pulumi" name="dalmatian.http.zaqar.queue_list" /><testcase classname="pulumi" name="dalmatian.http.zaqar.zaqar_health" /><testcase classname="pulumi" name="dalmatian.http.zaqar.zaqar_ping" /><testcase classname="pulumi" name="dalmatian.http.zaqar.queue_create" /><testcase classname="pulumi" name="dalmatian.http.zaqar.subscription_create" /><testcase classname="pulumi" name="dalmatian.http.zaqar.claim_create" /><testcase classname="pulumi" name="dalmatian.http.zaqar.message_create" /><testcase classname="pulumi" name="dalmatian.http.zaqar.queue_show" /><testcase classname="pulumi" name="dalmatian.http.zaqar.subscription_list" /><testcase classname="pulumi" name="dalmatian.http.zaqar.subscription_show" /><testcase classname="pulumi" name="dalmatian.http.zaqar.claim_list" /><testcase classname="pulumi" name="dalmatian.http.zaqar.claim_show" /><testcase classname="pulumi" name="dalmatian.http.zaqar.message_list" /><testcase classname="pulumi" name="dalmatian.http.zaqar.message_show" /><testcase classname="pulumi" name="dalmatian.http.zaqar.queue_update" /><testcase classname="pulumi" name="dalmatian.http.zaqar.subscription_update" /><testcase classname="pulumi" name="dalmatian.http.zaqar.claim_update" /><testcase classname="pulumi" name="dalmatian.http.zaqar.message_update" /><testcase classname="pulumi" name="dalmatian.http.zaqar.queue_patch" /><testcase classname="pulumi" name="dalmatian.http.zaqar.subscription_patch" /><testcase classname="pulumi" name="dalmatian.http.zaqar.claim_patch" /><testcase classname="pulumi" name="dalmatian.http.zaqar.message_patch" /><testcase classname="pulumi" name="dalmatian.http.zaqar.queue_delete" /><testcase classname="pulumi" name="dalmatian.http.zaqar.subscription_delete" /><testcase classname="pulumi" name="dalmatian.http.zaqar.claim_delete" /><testcase classname="pulumi" name="dalmatian.http.zaqar.message_delete" /><testcase classname="pulumi" name="dalmatian.http.zun.zun_versions" /><testcase classname="pulumi" name="dalmatian.http.zun.container_list" /><testcase classname="pulumi" name="dalmatian.http.zun.image_list" /><testcase classname="pulumi" name="dalmatian.http.zun.capsule_list" /><testcase classname="pulumi" name="dalmatian.http.zun.host_list" /><testcase classname="pulumi" name="dalmatian.http.zun.service_list" /><testcase classname="pulumi" name="dalmatian.http.zun.container_create" /><testcase classname="pulumi" name="dalmatian.http.zun.image_create" /><testcase classname="pulumi" name="dalmatian.http.zun.capsule_create" /><testcase classname="pulumi" name="dalmatian.http.zun.host_create" /><testcase classname="pulumi" name="dalmatian.http.zun.service_create" /><testcase classname="pulumi" name="dalmatian.http.zun.container_show" /><testcase classname="pulumi" name="dalmatian.http.zun.image_show" /><testcase classname="pulumi" name="dalmatian.http.zun.capsule_show" /><testcase classname="pulumi" name="dalmatian.http.zun.host_show" /><testcase classname="pulumi" name="dalmatian.http.zun.service_show" /><testcase classname="pulumi" name="dalmatian.http.zun.container_action" /><testcase classname="pulumi" name="dalmatian.http.zun.container_stop" /><testcase classname="pulumi" name="dalmatian.http.zun.container_update" /><testcase classname="pulumi" name="dalmatian.http.zun.image_update" /><testcase classname="pulumi" name="dalmatian.http.zun.capsule_update" /><testcase classname="pulumi" name="dalmatian.http.zun.host_update" /><testcase classname="pulumi" name="dalmatian.http.zun.service_update" /><testcase classname="pulumi" name="dalmatian.http.zun.container_patch" /><testcase classname="pulumi" name="dalmatian.http.zun.image_patch" /><testcase classname="pulumi" name="dalmatian.http.zun.capsule_patch" /><testcase classname="pulumi" name="dalmatian.http.zun.host_patch" /><testcase classname="pulumi" name="dalmatian.http.zun.service_patch" /><testcase classname="pulumi" name="dalmatian.http.zun.container_delete" /><testcase classname="pulumi" name="dalmatian.http.zun.image_delete" /><testcase classname="pulumi" name="dalmatian.http.zun.capsule_delete" /><testcase classname="pulumi" name="dalmatian.http.zun.host_delete" /><testcase classname="pulumi" name="dalmatian.http.zun.service_delete" /></testsuite>